<?xml version="1.0" encoding="UTF-8"?>
<testng-results skipped="0" failed="0" total="5" passed="5">
  <reporter-output>
  </reporter-output>
  <suite name="Default suite" duration-ms="62" started-at="2014-08-19T08:27:59Z" finished-at="2014-08-19T08:27:59Z">
    <groups>
    </groups>
    <test name="Default test" duration-ms="62" started-at="2014-08-19T08:27:59Z" finished-at="2014-08-19T08:27:59Z">
      <class name="com.sirma.itt.javacourse.intro.tests.TestArrayMedianFinder">
        <test-method status="PASS" signature="testMedianFinder([I, int)[pri:0, instance:com.sirma.itt.javacourse.intro.tests.TestArrayMedianFinder@5cb0bb]" name="testMedianFinder" duration-ms="15" started-at="2014-08-19T11:27:59Z" data-provider="MedianFinder" finished-at="2014-08-19T11:27:59Z">
          <params>
            <param index="0">
              <value>
                <![CDATA[[I@f18cc3]]>
              </value>
            </param>
            <param index="1">
              <value>
                <![CDATA[4]]>
              </value>
            </param>
          </params>
          <reporter-output>
          </reporter-output>
        </test-method> <!-- testMedianFinder -->
        <test-method status="PASS" signature="testMedianFinder([I, int)[pri:0, instance:com.sirma.itt.javacourse.intro.tests.TestArrayMedianFinder@5cb0bb]" name="testMedianFinder" duration-ms="16" started-at="2014-08-19T11:27:59Z" data-provider="MedianFinder" finished-at="2014-08-19T11:27:59Z">
          <params>
            <param index="0">
              <value>
                <![CDATA[[I@1c9313b]]>
              </value>
            </param>
            <param index="1">
              <value>
                <![CDATA[10]]>
              </value>
            </param>
          </params>
          <reporter-output>
          </reporter-output>
        </test-method> <!-- testMedianFinder -->
        <test-method status="PASS" signature="testMedianFinder([I, int)[pri:0, instance:com.sirma.itt.javacourse.intro.tests.TestArrayMedianFinder@5cb0bb]" name="testMedianFinder" duration-ms="0" started-at="2014-08-19T11:27:59Z" data-provider="MedianFinder" finished-at="2014-08-19T11:27:59Z">
          <params>
            <param index="0">
              <value>
                <![CDATA[[I@507369]]>
              </value>
            </param>
            <param index="1">
              <value>
                <![CDATA[3]]>
              </value>
            </param>
          </params>
          <reporter-output>
          </reporter-output>
        </test-method> <!-- testMedianFinder -->
        <test-method status="PASS" signature="testMedianFinder([I, int)[pri:0, instance:com.sirma.itt.javacourse.intro.tests.TestArrayMedianFinder@5cb0bb]" name="testMedianFinder" duration-ms="0" started-at="2014-08-19T11:27:59Z" data-provider="MedianFinder" finished-at="2014-08-19T11:27:59Z">
          <params>
            <param index="0">
              <value>
                <![CDATA[[I@1bf3519]]>
              </value>
            </param>
            <param index="1">
              <value>
                <![CDATA[2]]>
              </value>
            </param>
          </params>
          <reporter-output>
          </reporter-output>
        </test-method> <!-- testMedianFinder -->
        <test-method status="PASS" signature="testMedianFinder([I, int)[pri:0, instance:com.sirma.itt.javacourse.intro.tests.TestArrayMedianFinder@5cb0bb]" name="testMedianFinder" duration-ms="0" started-at="2014-08-19T11:27:59Z" data-provider="MedianFinder" finished-at="2014-08-19T11:27:59Z">
          <params>
            <param index="0">
              <value>
                <![CDATA[[I@373ac0]]>
              </value>
            </param>
            <param index="1">
              <value>
                <![CDATA[1]]>
              </value>
            </param>
          </params>
          <reporter-output>
          </reporter-output>
        </test-method> <!-- testMedianFinder -->
      </class> <!-- com.sirma.itt.javacourse.intro.tests.TestArrayMedianFinder -->
    </test> <!-- Default test -->
  </suite> <!-- Default suite -->
</testng-results>
