<?xml version="1.0" encoding="UTF-8"?>
<testng-results skipped="0" failed="0" total="2" passed="2">
  <reporter-output>
  </reporter-output>
  <suite name="Default suite" duration-ms="62" started-at="2014-08-25T15:38:43Z" finished-at="2014-08-25T15:38:43Z">
    <groups>
    </groups>
    <test name="Default test" duration-ms="62" started-at="2014-08-25T15:38:43Z" finished-at="2014-08-25T15:38:43Z">
      <class name="com.sirma.itt.javacourse.intro.tests.TestRandomSymbolGenerator">
        <test-method status="PASS" signature="randomSymbolGenerator(int, boolean)[pri:0, instance:com.sirma.itt.javacourse.intro.tests.TestRandomSymbolGenerator@156f770]" name="randomSymbolGenerator" duration-ms="32" started-at="2014-08-25T18:38:43Z" data-provider="TestRandomSymbolGenerator" finished-at="2014-08-25T18:38:43Z">
          <params>
            <param index="0">
              <value>
                <![CDATA[10]]>
              </value>
            </param>
            <param index="1">
              <value>
                <![CDATA[true]]>
              </value>
            </param>
          </params>
          <reporter-output>
          </reporter-output>
        </test-method> <!-- randomSymbolGenerator -->
        <test-method status="PASS" signature="randomSymbolGenerator(int, boolean)[pri:0, instance:com.sirma.itt.javacourse.intro.tests.TestRandomSymbolGenerator@156f770]" name="randomSymbolGenerator" duration-ms="0" started-at="2014-08-25T18:38:43Z" data-provider="TestRandomSymbolGenerator" finished-at="2014-08-25T18:38:43Z">
          <params>
            <param index="0">
              <value>
                <![CDATA[15]]>
              </value>
            </param>
            <param index="1">
              <value>
                <![CDATA[true]]>
              </value>
            </param>
          </params>
          <reporter-output>
          </reporter-output>
        </test-method> <!-- randomSymbolGenerator -->
      </class> <!-- com.sirma.itt.javacourse.intro.tests.TestRandomSymbolGenerator -->
    </test> <!-- Default test -->
  </suite> <!-- Default suite -->
</testng-results>
