<?xml version="1.0" encoding="UTF-8"?>
<!-- Generated by org.testng.reporters.JUnitXMLReporter -->
<testsuite hostname="tpetrov-PC" name="Default test" tests="1" failures="1" timestamp="18 Jul 2014 10:33:39 GMT" time="0.078" errors="0">
  <testcase name="testQuickSort" time="0.031" classname="com.sirma.itt.javacourse.intro.tests.TestQuickSort">
    <failure type="java.lang.StackOverflowError">
      <![CDATA[java.lang.StackOverflowError
	at com.sirma.itt.javacourse.utility.MathUtility.quickSort(MathUtility.java:162)
	at com.sirma.itt.javacourse.utility.MathUtility.quickSort(MathUtility.java:180)
	at com.sirma.itt.javacourse.utility.MathUtility.quickSort(MathUtility.java:180)
	at com.sirma.itt.javacourse.utility.MathUtility.quickSort(MathUtility.java:180)
	at com.sirma.itt.javacourse.utility.MathUtility.quickSort(MathUtility.java:180)
	at com.sirma.itt.javacourse.utility.MathUtility.quickSort(MathUtility.java:180)
	at com.sirma.itt.javacourse.utility.MathUtility.quickSort(MathUtility.java:180)
	at com.sirma.itt.javacourse.utility.MathUtility.quickSort(MathUtility.java:180)
	at com.sirma.itt.javacourse.utility.MathUtility.quickSort(MathUtility.java:180)
	at com.sirma.itt.javacourse.utility.MathUtility.quickSort(MathUtility.java:180)
	at com.sirma.itt.javacourse.utility.MathUtility.quickSort(MathUtility.java:180)
	at com.sirma.itt.javacourse.utility.MathUtility.quickSort(MathUtility.java:180)
	at com.sirma.itt.javacourse.utility.MathUtility.quickSort(MathUtility.java:180)
	at com.sirma.itt.javacourse.utility.MathUtility.quickSort(MathUtility.java:180)
	at com.sirma.itt.javacourse.utility.MathUtility.quickSort(MathUtility.java:180)
	at com.sirma.itt.javacourse.utility.MathUtility.quickSort(MathUtility.java:180)
	at com.sirma.itt.javacourse.utility.MathUtility.quickSort(MathUtility.java:180)
	at com.sirma.itt.javacourse.utility.MathUtility.quickSort(MathUtility.java:180)
	at com.sirma.itt.javacourse.utility.MathUtility.quickSort(MathUtility.java:180)
	at com.sirma.itt.javacourse.utility.MathUtility.quickSort(MathUtility.java:180)
	at com.sirma.itt.javacourse.utility.MathUtility.quickSort(MathUtility.java:180)
	at com.sirma.itt.javacourse.utility.MathUtility.quickSort(MathUtility.java:180)
	at com.sirma.itt.javacourse.utility.MathUtility.quickSort(MathUtility.java:180)
	at com.sirma.itt.javacourse.utility.MathUtility.quickSort(MathUtility.java:180)
	at com.sirma.itt.javacourse.utility.MathUtility.quickSort(MathUtility.java:180)
	at com.sirma.itt.javacourse.utility.MathUtility.quickSort(MathUtility.java:180)
	at com.sirma.itt.javacourse.utility.MathUtility.quickSort(MathUtility.java:180)
	at com.sirma.itt.javacourse.utility.MathUtility.quickSort(MathUtility.java:180)
	at com.sirma.itt.javacourse.utility.MathUtility.quickSort(MathUtility.java:180)
	at com.sirma.itt.javacourse.utility.MathUtility.quickSort(MathUtility.java:180)
	at com.sirma.itt.javacourse.utility.MathUtility.quickSort(MathUtility.java:180)
	at com.sirma.itt.javacourse.utility.MathUtility.quickSort(MathUtility.java:180)
	at com.sirma.itt.javacourse.utility.MathUtility.quickSort(MathUtility.java:180)
	at com.sirma.itt.javacourse.utility.MathUtility.quickSort(MathUtility.java:180)
	at com.sirma.itt.javacourse.utility.MathUtility.quickSort(MathUtility.java:180)
	at com.sirma.itt.javacourse.utility.MathUtility.quickSort(MathUtility.java:180)
	at com.sirma.itt.javacourse.utility.MathUtility.quickSort(MathUtility.java:180)
	at com.sirma.itt.javacourse.utility.MathUtility.quickSort(MathUtility.java:180)
	at com.sirma.itt.javacourse.utility.MathUtility.quickSort(MathUtility.java:180)
	at com.sirma.itt.javacourse.utility.MathUtility.quickSort(MathUtility.java:180)
	at com.sirma.itt.javacourse.utility.MathUtility.quickSort(MathUtility.java:180)
	at com.sirma.itt.javacourse.utility.MathUtility.quickSort(MathUtility.java:180)
	at com.sirma.itt.javacourse.utility.MathUtility.quickSort(MathUtility.java:180)
	at com.sirma.itt.javacourse.utility.MathUtility.quickSort(MathUtility.java:180)
	at com.sirma.itt.javacourse.utility.MathUtility.quickSort(MathUtility.java:180)
	at com.sirma.itt.javacourse.utility.MathUtility.quickSort(MathUtility.java:180)
	at com.sirma.itt.javacourse.utility.MathUtility.quickSort(MathUtility.java:180)
	at com.sirma.itt.javacourse.utility.MathUtility.quickSort(MathUtility.java:180)
	at com.sirma.itt.javacourse.utility.MathUtility.quickSort(MathUtility.java:180)
	at com.sirma.itt.javacourse.utility.MathUtility.quickSort(MathUtility.java:180)
	at com.sirma.itt.javacourse.utility.MathUtility.quickSort(MathUtility.java:180)
	at com.sirma.itt.javacourse.utility.MathUtility.quickSort(MathUtility.java:180)
	at com.sirma.itt.javacourse.utility.MathUtility.quickSort(MathUtility.java:180)
	at com.sirma.itt.javacourse.utility.MathUtility.quickSort(MathUtility.java:180)
	at com.sirma.itt.javacourse.utility.MathUtility.quickSort(MathUtility.java:180)
	at com.sirma.itt.javacourse.utility.MathUtility.quickSort(MathUtility.java:180)
	at com.sirma.itt.javacourse.utility.MathUtility.quickSort(MathUtility.java:180)
	at com.sirma.itt.javacourse.utility.MathUtility.quickSort(MathUtility.java:180)
	at com.sirma.itt.javacourse.utility.MathUtility.quickSort(MathUtility.java:180)
	at com.sirma.itt.javacourse.utility.MathUtility.quickSort(MathUtility.java:180)
	at com.sirma.itt.javacourse.utility.MathUtility.quickSort(MathUtility.java:180)
	at com.sirma.itt.javacourse.utility.MathUtility.quickSort(MathUtility.java:180)
	at com.sirma.itt.javacourse.utility.MathUtility.quickSort(MathUtility.java:180)
	at com.sirma.itt.javacourse.utility.MathUtility.quickSort(MathUtility.java:180)
	at com.sirma.itt.javacourse.utility.MathUtility.quickSort(MathUtility.java:180)
	at com.sirma.itt.javacourse.utility.MathUtility.quickSort(MathUtility.java:180)
	at com.sirma.itt.javacourse.utility.MathUtility.quickSort(MathUtility.java:180)
	at com.sirma.itt.javacourse.utility.MathUtility.quickSort(MathUtility.java:180)
	at com.sirma.itt.javacourse.utility.MathUtility.quickSort(MathUtility.java:180)
	at com.sirma.itt.javacourse.utility.MathUtility.quickSort(MathUtility.java:180)
	at com.sirma.itt.javacourse.utility.MathUtility.quickSort(MathUtility.java:180)
	at com.sirma.itt.javacourse.utility.MathUtility.quickSort(MathUtility.java:180)
	at com.sirma.itt.javacourse.utility.MathUtility.quickSort(MathUtility.java:180)
	at com.sirma.itt.javacourse.utility.MathUtility.quickSort(MathUtility.java:180)
	at com.sirma.itt.javacourse.utility.MathUtility.quickSort(MathUtility.java:180)
	at com.sirma.itt.javacourse.utility.MathUtility.quickSort(MathUtility.java:180)
	at com.sirma.itt.javacourse.utility.MathUtility.quickSort(MathUtility.java:180)
	at com.sirma.itt.javacourse.utility.MathUtility.quickSort(MathUtility.java:180)
	at com.sirma.itt.javacourse.utility.MathUtility.quickSort(MathUtility.java:180)
	at com.sirma.itt.javacourse.utility.MathUtility.quickSort(MathUtility.java:180)
	at com.sirma.itt.javacourse.utility.MathUtility.quickSort(MathUtility.java:180)
	at com.sirma.itt.javacourse.utility.MathUtility.quickSort(MathUtility.java:180)
	at com.sirma.itt.javacourse.utility.MathUtility.quickSort(MathUtility.java:180)
	at com.sirma.itt.javacourse.utility.MathUtility.quickSort(MathUtility.java:180)
	at com.sirma.itt.javacourse.utility.MathUtility.quickSort(MathUtility.java:180)
	at com.sirma.itt.javacourse.utility.MathUtility.quickSort(MathUtility.java:180)
	at com.sirma.itt.javacourse.utility.MathUtility.quickSort(MathUtility.java:180)
	at com.sirma.itt.javacourse.utility.MathUtility.quickSort(MathUtility.java:180)
	at com.sirma.itt.javacourse.utility.MathUtility.quickSort(MathUtility.java:180)
	at com.sirma.itt.javacourse.utility.MathUtility.quickSort(MathUtility.java:180)
	at com.sirma.itt.javacourse.utility.MathUtility.quickSort(MathUtility.java:180)
	at com.sirma.itt.javacourse.utility.MathUtility.quickSort(MathUtility.java:180)
	at com.sirma.itt.javacourse.utility.MathUtility.quickSort(MathUtility.java:180)
	at com.sirma.itt.javacourse.utility.MathUtility.quickSort(MathUtility.java:180)
	at com.sirma.itt.javacourse.utility.MathUtility.quickSort(MathUtility.java:180)
	at com.sirma.itt.javacourse.utility.MathUtility.quickSort(MathUtility.java:180)
	at com.sirma.itt.javacourse.utility.MathUtility.quickSort(MathUtility.java:180)
	at com.sirma.itt.javacourse.utility.MathUtility.quickSort(MathUtility.java:180)
	at com.sirma.itt.javacourse.utility.MathUtility.quickSort(MathUtility.java:180)
	at com.sirma.itt.javacourse.utility.MathUtility.quickSort(MathUtility.java:180)
	at com.sirma.itt.javacourse.utility.MathUtility.quickSort(MathUtility.java:180)
	at com.sirma.itt.javacourse.utility.MathUtility.quickSort(MathUtility.java:180)
	at com.sirma.itt.javacourse.utility.MathUtility.quickSort(MathUtility.java:180)
	at com.sirma.itt.javacourse.utility.MathUtility.quickSort(MathUtility.java:180)
	at com.sirma.itt.javacourse.utility.MathUtility.quickSort(MathUtility.java:180)
	at com.sirma.itt.javacourse.utility.MathUtility.quickSort(MathUtility.java:180)
	at com.sirma.itt.javacourse.utility.MathUtility.quickSort(MathUtility.java:180)
	at com.sirma.itt.javacourse.utility.MathUtility.quickSort(MathUtility.java:180)
	at com.sirma.itt.javacourse.utility.MathUtility.quickSort(MathUtility.java:180)
	at com.sirma.itt.javacourse.utility.MathUtility.quickSort(MathUtility.java:180)
	at com.sirma.itt.javacourse.utility.MathUtility.quickSort(MathUtility.java:180)
	at com.sirma.itt.javacourse.utility.MathUtility.quickSort(MathUtility.java:180)
	at com.sirma.itt.javacourse.utility.MathUtility.quickSort(MathUtility.java:180)
	at com.sirma.itt.javacourse.utility.MathUtility.quickSort(MathUtility.java:180)
	at com.sirma.itt.javacourse.utility.MathUtility.quickSort(MathUtility.java:180)
	at com.sirma.itt.javacourse.utility.MathUtility.quickSort(MathUtility.java:180)
	at com.sirma.itt.javacourse.utility.MathUtility.quickSort(MathUtility.java:180)
	at com.sirma.itt.javacourse.utility.MathUtility.quickSort(MathUtility.java:180)
	at com.sirma.itt.javacourse.utility.MathUtility.quickSort(MathUtility.java:180)
	at com.sirma.itt.javacourse.utility.MathUtility.quickSort(MathUtility.java:180)
	at com.sirma.itt.javacourse.utility.MathUtility.quickSort(MathUtility.java:180)
	at com.sirma.itt.javacourse.utility.MathUtility.quickSort(MathUtility.java:180)
	at com.sirma.itt.javacourse.utility.MathUtility.quickSort(MathUtility.java:180)
	at com.sirma.itt.javacourse.utility.MathUtility.quickSort(MathUtility.java:180)
	at com.sirma.itt.javacourse.utility.MathUtility.quickSort(MathUtility.java:180)
	at com.sirma.itt.javacourse.utility.MathUtility.quickSort(MathUtility.java:180)
	at com.sirma.itt.javacourse.utility.MathUtility.quickSort(MathUtility.java:180)
	at com.sirma.itt.javacourse.utility.MathUtility.quickSort(MathUtility.java:180)
	at com.sirma.itt.javacourse.utility.MathUtility.quickSort(MathUtility.java:180)
	at com.sirma.itt.javacourse.utility.MathUtility.quickSort(MathUtility.java:180)
	at com.sirma.itt.javacourse.utility.MathUtility.quickSort(MathUtility.java:180)
	at com.sirma.itt.javacourse.utility.MathUtility.quickSort(MathUtility.java:180)
	at com.sirma.itt.javacourse.utility.MathUtility.quickSort(MathUtility.java:180)
	at com.sirma.itt.javacourse.utility.MathUtility.quickSort(MathUtility.java:180)
	at com.sirma.itt.javacourse.utility.MathUtility.quickSort(MathUtility.java:180)
	at com.sirma.itt.javacourse.utility.MathUtility.quickSort(MathUtility.java:180)
	at com.sirma.itt.javacourse.utility.MathUtility.quickSort(MathUtility.java:180)
	at com.sirma.itt.javacourse.utility.MathUtility.quickSort(MathUtility.java:180)
	at com.sirma.itt.javacourse.utility.MathUtility.quickSort(MathUtility.java:180)
	at com.sirma.itt.javacourse.utility.MathUtility.quickSort(MathUtility.java:180)
	at com.sirma.itt.javacourse.utility.MathUtility.quickSort(MathUtility.java:180)
	at com.sirma.itt.javacourse.utility.MathUtility.quickSort(MathUtility.java:180)
	at com.sirma.itt.javacourse.utility.MathUtility.quickSort(MathUtility.java:180)
	at com.sirma.itt.javacourse.utility.MathUtility.quickSort(MathUtility.java:180)
	at com.sirma.itt.javacourse.utility.MathUtility.quickSort(MathUtility.java:180)
	at com.sirma.itt.javacourse.utility.MathUtility.quickSort(MathUtility.java:180)
	at com.sirma.itt.javacourse.utility.MathUtility.quickSort(MathUtility.java:180)
	at com.sirma.itt.javacourse.utility.MathUtility.quickSort(MathUtility.java:180)
	at com.sirma.itt.javacourse.utility.MathUtility.quickSort(MathUtility.java:180)
	at com.sirma.itt.javacourse.utility.MathUtility.quickSort(MathUtility.java:180)
	at com.sirma.itt.javacourse.utility.MathUtility.quickSort(MathUtility.java:180)
	at com.sirma.itt.javacourse.utility.MathUtility.quickSort(MathUtility.java:180)
	at com.sirma.itt.javacourse.utility.MathUtility.quickSort(MathUtility.java:180)
	at com.sirma.itt.javacourse.utility.MathUtility.quickSort(MathUtility.java:180)
	at com.sirma.itt.javacourse.utility.MathUtility.quickSort(MathUtility.java:180)
	at com.sirma.itt.javacourse.utility.MathUtility.quickSort(MathUtility.java:180)
	at com.sirma.itt.javacourse.utility.MathUtility.quickSort(MathUtility.java:180)
	at com.sirma.itt.javacourse.utility.MathUtility.quickSort(MathUtility.java:180)
	at com.sirma.itt.javacourse.utility.MathUtility.quickSort(MathUtility.java:180)
	at com.sirma.itt.javacourse.utility.MathUtility.quickSort(MathUtility.java:180)
	at com.sirma.itt.javacourse.utility.MathUtility.quickSort(MathUtility.java:180)
	at com.sirma.itt.javacourse.utility.MathUtility.quickSort(MathUtility.java:180)
	at com.sirma.itt.javacourse.utility.MathUtility.quickSort(MathUtility.java:180)
	at com.sirma.itt.javacourse.utility.MathUtility.quickSort(MathUtility.java:180)
	at com.sirma.itt.javacourse.utility.MathUtility.quickSort(MathUtility.java:180)
	at com.sirma.itt.javacourse.utility.MathUtility.quickSort(MathUtility.java:180)
	at com.sirma.itt.javacourse.utility.MathUtility.quickSort(MathUtility.java:180)
	at com.sirma.itt.javacourse.utility.MathUtility.quickSort(MathUtility.java:180)
	at com.sirma.itt.javacourse.utility.MathUtility.quickSort(MathUtility.java:180)
	at com.sirma.itt.javacourse.utility.MathUtility.quickSort(MathUtility.java:180)
	at com.sirma.itt.javacourse.utility.MathUtility.quickSort(MathUtility.java:180)
	at com.sirma.itt.javacourse.utility.MathUtility.quickSort(MathUtility.java:180)
	at com.sirma.itt.javacourse.utility.MathUtility.quickSort(MathUtility.java:180)
	at com.sirma.itt.javacourse.utility.MathUtility.quickSort(MathUtility.java:180)
	at com.sirma.itt.javacourse.utility.MathUtility.quickSort(MathUtility.java:180)
	at com.sirma.itt.javacourse.utility.MathUtility.quickSort(MathUtility.java:180)
	at com.sirma.itt.javacourse.utility.MathUtility.quickSort(MathUtility.java:180)
	at com.sirma.itt.javacourse.utility.MathUtility.quickSort(MathUtility.java:180)
	at com.sirma.itt.javacourse.utility.MathUtility.quickSort(MathUtility.java:180)
	at com.sirma.itt.javacourse.utility.MathUtility.quickSort(MathUtility.java:180)
	at com.sirma.itt.javacourse.utility.MathUtility.quickSort(MathUtility.java:180)
	at com.sirma.itt.javacourse.utility.MathUtility.quickSort(MathUtility.java:180)
	at com.sirma.itt.javacourse.utility.MathUtility.quickSort(MathUtility.java:180)
	at com.sirma.itt.javacourse.utility.MathUtility.quickSort(MathUtility.java:180)
	at com.sirma.itt.javacourse.utility.MathUtility.quickSort(MathUtility.java:180)
	at com.sirma.itt.javacourse.utility.MathUtility.quickSort(MathUtility.java:180)
	at com.sirma.itt.javacourse.utility.MathUtility.quickSort(MathUtility.java:180)
	at com.sirma.itt.javacourse.utility.MathUtility.quickSort(MathUtility.java:180)
	at com.sirma.itt.javacourse.utility.MathUtility.quickSort(MathUtility.java:180)
	at com.sirma.itt.javacourse.utility.MathUtility.quickSort(MathUtility.java:180)
	at com.sirma.itt.javacourse.utility.MathUtility.quickSort(MathUtility.java:180)
	at com.sirma.itt.javacourse.utility.MathUtility.quickSort(MathUtility.java:180)
	at com.sirma.itt.javacourse.utility.MathUtility.quickSort(MathUtility.java:180)
	at com.sirma.itt.javacourse.utility.MathUtility.quickSort(MathUtility.java:180)
	at com.sirma.itt.javacourse.utility.MathUtility.quickSort(MathUtility.java:180)
	at com.sirma.itt.javacourse.utility.MathUtility.quickSort(MathUtility.java:180)
	at com.sirma.itt.javacourse.utility.MathUtility.quickSort(MathUtility.java:180)
	at com.sirma.itt.javacourse.utility.MathUtility.quickSort(MathUtility.java:180)
	at com.sirma.itt.javacourse.utility.MathUtility.quickSort(MathUtility.java:180)
	at com.sirma.itt.javacourse.utility.MathUtility.quickSort(MathUtility.java:180)
	at com.sirma.itt.javacourse.utility.MathUtility.quickSort(MathUtility.java:180)
	at com.sirma.itt.javacourse.utility.MathUtility.quickSort(MathUtility.java:180)
	at com.sirma.itt.javacourse.utility.MathUtility.quickSort(MathUtility.java:180)
	at com.sirma.itt.javacourse.utility.MathUtility.quickSort(MathUtility.java:180)
	at com.sirma.itt.javacourse.utility.MathUtility.quickSort(MathUtility.java:180)
	at com.sirma.itt.javacourse.utility.MathUtility.quickSort(MathUtility.java:180)
	at com.sirma.itt.javacourse.utility.MathUtility.quickSort(MathUtility.java:180)
	at com.sirma.itt.javacourse.utility.MathUtility.quickSort(MathUtility.java:180)
	at com.sirma.itt.javacourse.utility.MathUtility.quickSort(MathUtility.java:180)
	at com.sirma.itt.javacourse.utility.MathUtility.quickSort(MathUtility.java:180)
	at com.sirma.itt.javacourse.utility.MathUtility.quickSort(MathUtility.java:180)
	at com.sirma.itt.javacourse.utility.MathUtility.quickSort(MathUtility.java:180)
	at com.sirma.itt.javacourse.utility.MathUtility.quickSort(MathUtility.java:180)
	at com.sirma.itt.javacourse.utility.MathUtility.quickSort(MathUtility.java:180)
	at com.sirma.itt.javacourse.utility.MathUtility.quickSort(MathUtility.java:180)
	at com.sirma.itt.javacourse.utility.MathUtility.quickSort(MathUtility.java:180)
	at com.sirma.itt.javacourse.utility.MathUtility.quickSort(MathUtility.java:180)
	at com.sirma.itt.javacourse.utility.MathUtility.quickSort(MathUtility.java:180)
	at com.sirma.itt.javacourse.utility.MathUtility.quickSort(MathUtility.java:180)
	at com.sirma.itt.javacourse.utility.MathUtility.quickSort(MathUtility.java:180)
	at com.sirma.itt.javacourse.utility.MathUtility.quickSort(MathUtility.java:180)
	at com.sirma.itt.javacourse.utility.MathUtility.quickSort(MathUtility.java:180)
	at com.sirma.itt.javacourse.utility.MathUtility.quickSort(MathUtility.java:180)
	at com.sirma.itt.javacourse.utility.MathUtility.quickSort(MathUtility.java:180)
	at com.sirma.itt.javacourse.utility.MathUtility.quickSort(MathUtility.java:180)
	at com.sirma.itt.javacourse.utility.MathUtility.quickSort(MathUtility.java:180)
	at com.sirma.itt.javacourse.utility.MathUtility.quickSort(MathUtility.java:180)
	at com.sirma.itt.javacourse.utility.MathUtility.quickSort(MathUtility.java:180)
	at com.sirma.itt.javacourse.utility.MathUtility.quickSort(MathUtility.java:180)
	at com.sirma.itt.javacourse.utility.MathUtility.quickSort(MathUtility.java:180)
	at com.sirma.itt.javacourse.utility.MathUtility.quickSort(MathUtility.java:180)
	at com.sirma.itt.javacourse.utility.MathUtility.quickSort(MathUtility.java:180)
	at com.sirma.itt.javacourse.utility.MathUtility.quickSort(MathUtility.java:180)
	at com.sirma.itt.javacourse.utility.MathUtility.quickSort(MathUtility.java:180)
	at com.sirma.itt.javacourse.utility.MathUtility.quickSort(MathUtility.java:180)
	at com.sirma.itt.javacourse.utility.MathUtility.quickSort(MathUtility.java:180)
	at com.sirma.itt.javacourse.utility.MathUtility.quickSort(MathUtility.java:180)
	at com.sirma.itt.javacourse.utility.MathUtility.quickSort(MathUtility.java:180)
	at com.sirma.itt.javacourse.utility.MathUtility.quickSort(MathUtility.java:180)
	at com.sirma.itt.javacourse.utility.MathUtility.quickSort(MathUtility.java:180)
	at com.sirma.itt.javacourse.utility.MathUtility.quickSort(MathUtility.java:180)
	at com.sirma.itt.javacourse.utility.MathUtility.quickSort(MathUtility.java:180)
	at com.sirma.itt.javacourse.utility.MathUtility.quickSort(MathUtility.java:180)
	at com.sirma.itt.javacourse.utility.MathUtility.quickSort(MathUtility.java:180)
	at com.sirma.itt.javacourse.utility.MathUtility.quickSort(MathUtility.java:180)
	at com.sirma.itt.javacourse.utility.MathUtility.quickSort(MathUtility.java:180)
	at com.sirma.itt.javacourse.utility.MathUtility.quickSort(MathUtility.java:180)
	at com.sirma.itt.javacourse.utility.MathUtility.quickSort(MathUtility.java:180)
	at com.sirma.itt.javacourse.utility.MathUtility.quickSort(MathUtility.java:180)
	at com.sirma.itt.javacourse.utility.MathUtility.quickSort(MathUtility.java:180)
	at com.sirma.itt.javacourse.utility.MathUtility.quickSort(MathUtility.java:180)
	at com.sirma.itt.javacourse.utility.MathUtility.quickSort(MathUtility.java:180)
	at com.sirma.itt.javacourse.utility.MathUtility.quickSort(MathUtility.java:180)
	at com.sirma.itt.javacourse.utility.MathUtility.quickSort(MathUtility.java:180)
	at com.sirma.itt.javacourse.utility.MathUtility.quickSort(MathUtility.java:180)
	at com.sirma.itt.javacourse.utility.MathUtility.quickSort(MathUtility.java:180)
	at com.sirma.itt.javacourse.utility.MathUtility.quickSort(MathUtility.java:180)
	at com.sirma.itt.javacourse.utility.MathUtility.quickSort(MathUtility.java:180)
	at com.sirma.itt.javacourse.utility.MathUtility.quickSort(MathUtility.java:180)
	at com.sirma.itt.javacourse.utility.MathUtility.quickSort(MathUtility.java:180)
	at com.sirma.itt.javacourse.utility.MathUtility.quickSort(MathUtility.java:180)
	at com.sirma.itt.javacourse.utility.MathUtility.quickSort(MathUtility.java:180)
	at com.sirma.itt.javacourse.utility.MathUtility.quickSort(MathUtility.java:180)
	at com.sirma.itt.javacourse.utility.MathUtility.quickSort(MathUtility.java:180)
	at com.sirma.itt.javacourse.utility.MathUtility.quickSort(MathUtility.java:180)
	at com.sirma.itt.javacourse.utility.MathUtility.quickSort(MathUtility.java:180)
	at com.sirma.itt.javacourse.utility.MathUtility.quickSort(MathUtility.java:180)
	at com.sirma.itt.javacourse.utility.MathUtility.quickSort(MathUtility.java:180)
	at com.sirma.itt.javacourse.utility.MathUtility.quickSort(MathUtility.java:180)
	at com.sirma.itt.javacourse.utility.MathUtility.quickSort(MathUtility.java:180)
	at com.sirma.itt.javacourse.utility.MathUtility.quickSort(MathUtility.java:180)
	at com.sirma.itt.javacourse.utility.MathUtility.quickSort(MathUtility.java:180)
	at com.sirma.itt.javacourse.utility.MathUtility.quickSort(MathUtility.java:180)
	at com.sirma.itt.javacourse.utility.MathUtility.quickSort(MathUtility.java:180)
	at com.sirma.itt.javacourse.utility.MathUtility.quickSort(MathUtility.java:180)
	at com.sirma.itt.javacourse.utility.MathUtility.quickSort(MathUtility.java:180)
	at com.sirma.itt.javacourse.utility.MathUtility.quickSort(MathUtility.java:180)
	at com.sirma.itt.javacourse.utility.MathUtility.quickSort(MathUtility.java:180)
	at com.sirma.itt.javacourse.utility.MathUtility.quickSort(MathUtility.java:180)
	at com.sirma.itt.javacourse.utility.MathUtility.quickSort(MathUtility.java:180)
	at com.sirma.itt.javacourse.utility.MathUtility.quickSort(MathUtility.java:180)
	at com.sirma.itt.javacourse.utility.MathUtility.quickSort(MathUtility.java:180)
	at com.sirma.itt.javacourse.utility.MathUtility.quickSort(MathUtility.java:180)
	at com.sirma.itt.javacourse.utility.MathUtility.quickSort(MathUtility.java:180)
	at com.sirma.itt.javacourse.utility.MathUtility.quickSort(MathUtility.java:180)
	at com.sirma.itt.javacourse.utility.MathUtility.quickSort(MathUtility.java:180)
	at com.sirma.itt.javacourse.utility.MathUtility.quickSort(MathUtility.java:180)
	at com.sirma.itt.javacourse.utility.MathUtility.quickSort(MathUtility.java:180)
	at com.sirma.itt.javacourse.utility.MathUtility.quickSort(MathUtility.java:180)
	at com.sirma.itt.javacourse.utility.MathUtility.quickSort(MathUtility.java:180)
	at com.sirma.itt.javacourse.utility.MathUtility.quickSort(MathUtility.java:180)
	at com.sirma.itt.javacourse.utility.MathUtility.quickSort(MathUtility.java:180)
	at com.sirma.itt.javacourse.utility.MathUtility.quickSort(MathUtility.java:180)
	at com.sirma.itt.javacourse.utility.MathUtility.quickSort(MathUtility.java:180)
	at com.sirma.itt.javacourse.utility.MathUtility.quickSort(MathUtility.java:180)
	at com.sirma.itt.javacourse.utility.MathUtility.quickSort(MathUtility.java:180)
	at com.sirma.itt.javacourse.utility.MathUtility.quickSort(MathUtility.java:180)
	at com.sirma.itt.javacourse.utility.MathUtility.quickSort(MathUtility.java:180)
	at com.sirma.itt.javacourse.utility.MathUtility.quickSort(MathUtility.java:180)
	at com.sirma.itt.javacourse.utility.MathUtility.quickSort(MathUtility.java:180)
	at com.sirma.itt.javacourse.utility.MathUtility.quickSort(MathUtility.java:180)
	at com.sirma.itt.javacourse.utility.MathUtility.quickSort(MathUtility.java:180)
	at com.sirma.itt.javacourse.utility.MathUtility.quickSort(MathUtility.java:180)
	at com.sirma.itt.javacourse.utility.MathUtility.quickSort(MathUtility.java:180)
	at com.sirma.itt.javacourse.utility.MathUtility.quickSort(MathUtility.java:180)
	at com.sirma.itt.javacourse.utility.MathUtility.quickSort(MathUtility.java:180)
	at com.sirma.itt.javacourse.utility.MathUtility.quickSort(MathUtility.java:180)
	at com.sirma.itt.javacourse.utility.MathUtility.quickSort(MathUtility.java:180)
	at com.sirma.itt.javacourse.utility.MathUtility.quickSort(MathUtility.java:180)
	at com.sirma.itt.javacourse.utility.MathUtility.quickSort(MathUtility.java:180)
	at com.sirma.itt.javacourse.utility.MathUtility.quickSort(MathUtility.java:180)
	at com.sirma.itt.javacourse.utility.MathUtility.quickSort(MathUtility.java:180)
	at com.sirma.itt.javacourse.utility.MathUtility.quickSort(MathUtility.java:180)
	at com.sirma.itt.javacourse.utility.MathUtility.quickSort(MathUtility.java:180)
	at com.sirma.itt.javacourse.utility.MathUtility.quickSort(MathUtility.java:180)
	at com.sirma.itt.javacourse.utility.MathUtility.quickSort(MathUtility.java:180)
	at com.sirma.itt.javacourse.utility.MathUtility.quickSort(MathUtility.java:180)
	at com.sirma.itt.javacourse.utility.MathUtility.quickSort(MathUtility.java:180)
	at com.sirma.itt.javacourse.utility.MathUtility.quickSort(MathUtility.java:180)
	at com.sirma.itt.javacourse.utility.MathUtility.quickSort(MathUtility.java:180)
	at com.sirma.itt.javacourse.utility.MathUtility.quickSort(MathUtility.java:180)
	at com.sirma.itt.javacourse.utility.MathUtility.quickSort(MathUtility.java:180)
	at com.sirma.itt.javacourse.utility.MathUtility.quickSort(MathUtility.java:180)
	at com.sirma.itt.javacourse.utility.MathUtility.quickSort(MathUtility.java:180)
	at com.sirma.itt.javacourse.utility.MathUtility.quickSort(MathUtility.java:180)
	at com.sirma.itt.javacourse.utility.MathUtility.quickSort(MathUtility.java:180)
	at com.sirma.itt.javacourse.utility.MathUtility.quickSort(MathUtility.java:180)
	at com.sirma.itt.javacourse.utility.MathUtility.quickSort(MathUtility.java:180)
	at com.sirma.itt.javacourse.utility.MathUtility.quickSort(MathUtility.java:180)
	at com.sirma.itt.javacourse.utility.MathUtility.quickSort(MathUtility.java:180)
	at com.sirma.itt.javacourse.utility.MathUtility.quickSort(MathUtility.java:180)
	at com.sirma.itt.javacourse.utility.MathUtility.quickSort(MathUtility.java:180)
	at com.sirma.itt.javacourse.utility.MathUtility.quickSort(MathUtility.java:180)
	at com.sirma.itt.javacourse.utility.MathUtility.quickSort(MathUtility.java:180)
	at com.sirma.itt.javacourse.utility.MathUtility.quickSort(MathUtility.java:180)
	at com.sirma.itt.javacourse.utility.MathUtility.quickSort(MathUtility.java:180)
	at com.sirma.itt.javacourse.utility.MathUtility.quickSort(MathUtility.java:180)
	at com.sirma.itt.javacourse.utility.MathUtility.quickSort(MathUtility.java:180)
	at com.sirma.itt.javacourse.utility.MathUtility.quickSort(MathUtility.java:180)
	at com.sirma.itt.javacourse.utility.MathUtility.quickSort(MathUtility.java:180)
	at com.sirma.itt.javacourse.utility.MathUtility.quickSort(MathUtility.java:180)
	at com.sirma.itt.javacourse.utility.MathUtility.quickSort(MathUtility.java:180)
	at com.sirma.itt.javacourse.utility.MathUtility.quickSort(MathUtility.java:180)
	at com.sirma.itt.javacourse.utility.MathUtility.quickSort(MathUtility.java:180)
	at com.sirma.itt.javacourse.utility.MathUtility.quickSort(MathUtility.java:180)
	at com.sirma.itt.javacourse.utility.MathUtility.quickSort(MathUtility.java:180)
	at com.sirma.itt.javacourse.utility.MathUtility.quickSort(MathUtility.java:180)
	at com.sirma.itt.javacourse.utility.MathUtility.quickSort(MathUtility.java:180)
	at com.sirma.itt.javacourse.utility.MathUtility.quickSort(MathUtility.java:180)
	at com.sirma.itt.javacourse.utility.MathUtility.quickSort(MathUtility.java:180)
	at com.sirma.itt.javacourse.utility.MathUtility.quickSort(MathUtility.java:180)
	at com.sirma.itt.javacourse.utility.MathUtility.quickSort(MathUtility.java:180)
	at com.sirma.itt.javacourse.utility.MathUtility.quickSort(MathUtility.java:180)
	at com.sirma.itt.javacourse.utility.MathUtility.quickSort(MathUtility.java:180)
	at com.sirma.itt.javacourse.utility.MathUtility.quickSort(MathUtility.java:180)
	at com.sirma.itt.javacourse.utility.MathUtility.quickSort(MathUtility.java:180)
	at com.sirma.itt.javacourse.utility.MathUtility.quickSort(MathUtility.java:180)
	at com.sirma.itt.javacourse.utility.MathUtility.quickSort(MathUtility.java:180)
	at com.sirma.itt.javacourse.utility.MathUtility.quickSort(MathUtility.java:180)
	at com.sirma.itt.javacourse.utility.MathUtility.quickSort(MathUtility.java:180)
	at com.sirma.itt.javacourse.utility.MathUtility.quickSort(MathUtility.java:180)
	at com.sirma.itt.javacourse.utility.MathUtility.quickSort(MathUtility.java:180)
	at com.sirma.itt.javacourse.utility.MathUtility.quickSort(MathUtility.java:180)
	at com.sirma.itt.javacourse.utility.MathUtility.quickSort(MathUtility.java:180)
	at com.sirma.itt.javacourse.utility.MathUtility.quickSort(MathUtility.java:180)
	at com.sirma.itt.javacourse.utility.MathUtility.quickSort(MathUtility.java:180)
	at com.sirma.itt.javacourse.utility.MathUtility.quickSort(MathUtility.java:180)
	at com.sirma.itt.javacourse.utility.MathUtility.quickSort(MathUtility.java:180)
	at com.sirma.itt.javacourse.utility.MathUtility.quickSort(MathUtility.java:180)
	at com.sirma.itt.javacourse.utility.MathUtility.quickSort(MathUtility.java:180)
	at com.sirma.itt.javacourse.utility.MathUtility.quickSort(MathUtility.java:180)
	at com.sirma.itt.javacourse.utility.MathUtility.quickSort(MathUtility.java:180)
	at com.sirma.itt.javacourse.utility.MathUtility.quickSort(MathUtility.java:180)
	at com.sirma.itt.javacourse.utility.MathUtility.quickSort(MathUtility.java:180)
	at com.sirma.itt.javacourse.utility.MathUtility.quickSort(MathUtility.java:180)
	at com.sirma.itt.javacourse.utility.MathUtility.quickSort(MathUtility.java:180)
	at com.sirma.itt.javacourse.utility.MathUtility.quickSort(MathUtility.java:180)
	at com.sirma.itt.javacourse.utility.MathUtility.quickSort(MathUtility.java:180)
	at com.sirma.itt.javacourse.utility.MathUtility.quickSort(MathUtility.java:180)
	at com.sirma.itt.javacourse.utility.MathUtility.quickSort(MathUtility.java:180)
	at com.sirma.itt.javacourse.utility.MathUtility.quickSort(MathUtility.java:180)
	at com.sirma.itt.javacourse.utility.MathUtility.quickSort(MathUtility.java:180)
	at com.sirma.itt.javacourse.utility.MathUtility.quickSort(MathUtility.java:180)
	at com.sirma.itt.javacourse.utility.MathUtility.quickSort(MathUtility.java:180)
	at com.sirma.itt.javacourse.utility.MathUtility.quickSort(MathUtility.java:180)
	at com.sirma.itt.javacourse.utility.MathUtility.quickSort(MathUtility.java:180)
	at com.sirma.itt.javacourse.utility.MathUtility.quickSort(MathUtility.java:180)
	at com.sirma.itt.javacourse.utility.MathUtility.quickSort(MathUtility.java:180)
	at com.sirma.itt.javacourse.utility.MathUtility.quickSort(MathUtility.java:180)
	at com.sirma.itt.javacourse.utility.MathUtility.quickSort(MathUtility.java:180)
	at com.sirma.itt.javacourse.utility.MathUtility.quickSort(MathUtility.java:180)
	at com.sirma.itt.javacourse.utility.MathUtility.quickSort(MathUtility.java:180)
	at com.sirma.itt.javacourse.utility.MathUtility.quickSort(MathUtility.java:180)
	at com.sirma.itt.javacourse.utility.MathUtility.quickSort(MathUtility.java:180)
	at com.sirma.itt.javacourse.utility.MathUtility.quickSort(MathUtility.java:180)
	at com.sirma.itt.javacourse.utility.MathUtility.quickSort(MathUtility.java:180)
	at com.sirma.itt.javacourse.utility.MathUtility.quickSort(MathUtility.java:180)
	at com.sirma.itt.javacourse.utility.MathUtility.quickSort(MathUtility.java:180)
	at com.sirma.itt.javacourse.utility.MathUtility.quickSort(MathUtility.java:180)
	at com.sirma.itt.javacourse.utility.MathUtility.quickSort(MathUtility.java:180)
	at com.sirma.itt.javacourse.utility.MathUtility.quickSort(MathUtility.java:180)
	at com.sirma.itt.javacourse.utility.MathUtility.quickSort(MathUtility.java:180)
	at com.sirma.itt.javacourse.utility.MathUtility.quickSort(MathUtility.java:180)
	at com.sirma.itt.javacourse.utility.MathUtility.quickSort(MathUtility.java:180)
	at com.sirma.itt.javacourse.utility.MathUtility.quickSort(MathUtility.java:180)
	at com.sirma.itt.javacourse.utility.MathUtility.quickSort(MathUtility.java:180)
	at com.sirma.itt.javacourse.utility.MathUtility.quickSort(MathUtility.java:180)
	at com.sirma.itt.javacourse.utility.MathUtility.quickSort(MathUtility.java:180)
	at com.sirma.itt.javacourse.utility.MathUtility.quickSort(MathUtility.java:180)
	at com.sirma.itt.javacourse.utility.MathUtility.quickSort(MathUtility.java:180)
	at com.sirma.itt.javacourse.utility.MathUtility.quickSort(MathUtility.java:180)
	at com.sirma.itt.javacourse.utility.MathUtility.quickSort(MathUtility.java:180)
	at com.sirma.itt.javacourse.utility.MathUtility.quickSort(MathUtility.java:180)
	at com.sirma.itt.javacourse.utility.MathUtility.quickSort(MathUtility.java:180)
	at com.sirma.itt.javacourse.utility.MathUtility.quickSort(MathUtility.java:180)
	at com.sirma.itt.javacourse.utility.MathUtility.quickSort(MathUtility.java:180)
	at com.sirma.itt.javacourse.utility.MathUtility.quickSort(MathUtility.java:180)
	at com.sirma.itt.javacourse.utility.MathUtility.quickSort(MathUtility.java:180)
	at com.sirma.itt.javacourse.utility.MathUtility.quickSort(MathUtility.java:180)
	at com.sirma.itt.javacourse.utility.MathUtility.quickSort(MathUtility.java:180)
	at com.sirma.itt.javacourse.utility.MathUtility.quickSort(MathUtility.java:180)
	at com.sirma.itt.javacourse.utility.MathUtility.quickSort(MathUtility.java:180)
	at com.sirma.itt.javacourse.utility.MathUtility.quickSort(MathUtility.java:180)
	at com.sirma.itt.javacourse.utility.MathUtility.quickSort(MathUtility.java:180)
	at com.sirma.itt.javacourse.utility.MathUtility.quickSort(MathUtility.java:180)
	at com.sirma.itt.javacourse.utility.MathUtility.quickSort(MathUtility.java:180)
	at com.sirma.itt.javacourse.utility.MathUtility.quickSort(MathUtility.java:180)
	at com.sirma.itt.javacourse.utility.MathUtility.quickSort(MathUtility.java:180)
	at com.sirma.itt.javacourse.utility.MathUtility.quickSort(MathUtility.java:180)
	at com.sirma.itt.javacourse.utility.MathUtility.quickSort(MathUtility.java:180)
	at com.sirma.itt.javacourse.utility.MathUtility.quickSort(MathUtility.java:180)
	at com.sirma.itt.javacourse.utility.MathUtility.quickSort(MathUtility.java:180)
	at com.sirma.itt.javacourse.utility.MathUtility.quickSort(MathUtility.java:180)
	at com.sirma.itt.javacourse.utility.MathUtility.quickSort(MathUtility.java:180)
	at com.sirma.itt.javacourse.utility.MathUtility.quickSort(MathUtility.java:180)
	at com.sirma.itt.javacourse.utility.MathUtility.quickSort(MathUtility.java:180)
	at com.sirma.itt.javacourse.utility.MathUtility.quickSort(MathUtility.java:180)
	at com.sirma.itt.javacourse.utility.MathUtility.quickSort(MathUtility.java:180)
	at com.sirma.itt.javacourse.utility.MathUtility.quickSort(MathUtility.java:180)
	at com.sirma.itt.javacourse.utility.MathUtility.quickSort(MathUtility.java:180)
	at com.sirma.itt.javacourse.utility.MathUtility.quickSort(MathUtility.java:180)
	at com.sirma.itt.javacourse.utility.MathUtility.quickSort(MathUtility.java:180)
	at com.sirma.itt.javacourse.utility.MathUtility.quickSort(MathUtility.java:180)
	at com.sirma.itt.javacourse.utility.MathUtility.quickSort(MathUtility.java:180)
	at com.sirma.itt.javacourse.utility.MathUtility.quickSort(MathUtility.java:180)
	at com.sirma.itt.javacourse.utility.MathUtility.quickSort(MathUtility.java:180)
	at com.sirma.itt.javacourse.utility.MathUtility.quickSort(MathUtility.java:180)
	at com.sirma.itt.javacourse.utility.MathUtility.quickSort(MathUtility.java:180)
	at com.sirma.itt.javacourse.utility.MathUtility.quickSort(MathUtility.java:180)
	at com.sirma.itt.javacourse.utility.MathUtility.quickSort(MathUtility.java:180)
	at com.sirma.itt.javacourse.utility.MathUtility.quickSort(MathUtility.java:180)
	at com.sirma.itt.javacourse.utility.MathUtility.quickSort(MathUtility.java:180)
	at com.sirma.itt.javacourse.utility.MathUtility.quickSort(MathUtility.java:180)
	at com.sirma.itt.javacourse.utility.MathUtility.quickSort(MathUtility.java:180)
	at com.sirma.itt.javacourse.utility.MathUtility.quickSort(MathUtility.java:180)
	at com.sirma.itt.javacourse.utility.MathUtility.quickSort(MathUtility.java:180)
	at com.sirma.itt.javacourse.utility.MathUtility.quickSort(MathUtility.java:180)
	at com.sirma.itt.javacourse.utility.MathUtility.quickSort(MathUtility.java:180)
	at com.sirma.itt.javacourse.utility.MathUtility.quickSort(MathUtility.java:180)
	at com.sirma.itt.javacourse.utility.MathUtility.quickSort(MathUtility.java:180)
	at com.sirma.itt.javacourse.utility.MathUtility.quickSort(MathUtility.java:180)
	at com.sirma.itt.javacourse.utility.MathUtility.quickSort(MathUtility.java:180)
	at com.sirma.itt.javacourse.utility.MathUtility.quickSort(MathUtility.java:180)
	at com.sirma.itt.javacourse.utility.MathUtility.quickSort(MathUtility.java:180)
	at com.sirma.itt.javacourse.utility.MathUtility.quickSort(MathUtility.java:180)
	at com.sirma.itt.javacourse.utility.MathUtility.quickSort(MathUtility.java:180)
	at com.sirma.itt.javacourse.utility.MathUtility.quickSort(MathUtility.java:180)
	at com.sirma.itt.javacourse.utility.MathUtility.quickSort(MathUtility.java:180)
	at com.sirma.itt.javacourse.utility.MathUtility.quickSort(MathUtility.java:180)
	at com.sirma.itt.javacourse.utility.MathUtility.quickSort(MathUtility.java:180)
	at com.sirma.itt.javacourse.utility.MathUtility.quickSort(MathUtility.java:180)
	at com.sirma.itt.javacourse.utility.MathUtility.quickSort(MathUtility.java:180)
	at com.sirma.itt.javacourse.utility.MathUtility.quickSort(MathUtility.java:180)
	at com.sirma.itt.javacourse.utility.MathUtility.quickSort(MathUtility.java:180)
	at com.sirma.itt.javacourse.utility.MathUtility.quickSort(MathUtility.java:180)
	at com.sirma.itt.javacourse.utility.MathUtility.quickSort(MathUtility.java:180)
	at com.sirma.itt.javacourse.utility.MathUtility.quickSort(MathUtility.java:180)
	at com.sirma.itt.javacourse.utility.MathUtility.quickSort(MathUtility.java:180)
	at com.sirma.itt.javacourse.utility.MathUtility.quickSort(MathUtility.java:180)
	at com.sirma.itt.javacourse.utility.MathUtility.quickSort(MathUtility.java:180)
	at com.sirma.itt.javacourse.utility.MathUtility.quickSort(MathUtility.java:180)
	at com.sirma.itt.javacourse.utility.MathUtility.quickSort(MathUtility.java:180)
	at com.sirma.itt.javacourse.utility.MathUtility.quickSort(MathUtility.java:180)
	at com.sirma.itt.javacourse.utility.MathUtility.quickSort(MathUtility.java:180)
	at com.sirma.itt.javacourse.utility.MathUtility.quickSort(MathUtility.java:180)
	at com.sirma.itt.javacourse.utility.MathUtility.quickSort(MathUtility.java:180)
	at com.sirma.itt.javacourse.utility.MathUtility.quickSort(MathUtility.java:180)
	at com.sirma.itt.javacourse.utility.MathUtility.quickSort(MathUtility.java:180)
	at com.sirma.itt.javacourse.utility.MathUtility.quickSort(MathUtility.java:180)
	at com.sirma.itt.javacourse.utility.MathUtility.quickSort(MathUtility.java:180)
	at com.sirma.itt.javacourse.utility.MathUtility.quickSort(MathUtility.java:180)
	at com.sirma.itt.javacourse.utility.MathUtility.quickSort(MathUtility.java:180)
	at com.sirma.itt.javacourse.utility.MathUtility.quickSort(MathUtility.java:180)
	at com.sirma.itt.javacourse.utility.MathUtility.quickSort(MathUtility.java:180)
	at com.sirma.itt.javacourse.utility.MathUtility.quickSort(MathUtility.java:180)
	at com.sirma.itt.javacourse.utility.MathUtility.quickSort(MathUtility.java:180)
	at com.sirma.itt.javacourse.utility.MathUtility.quickSort(MathUtility.java:180)
	at com.sirma.itt.javacourse.utility.MathUtility.quickSort(MathUtility.java:180)
	at com.sirma.itt.javacourse.utility.MathUtility.quickSort(MathUtility.java:180)
	at com.sirma.itt.javacourse.utility.MathUtility.quickSort(MathUtility.java:180)
	at com.sirma.itt.javacourse.utility.MathUtility.quickSort(MathUtility.java:180)
	at com.sirma.itt.javacourse.utility.MathUtility.quickSort(MathUtility.java:180)
	at com.sirma.itt.javacourse.utility.MathUtility.quickSort(MathUtility.java:180)
	at com.sirma.itt.javacourse.utility.MathUtility.quickSort(MathUtility.java:180)
	at com.sirma.itt.javacourse.utility.MathUtility.quickSort(MathUtility.java:180)
	at com.sirma.itt.javacourse.utility.MathUtility.quickSort(MathUtility.java:180)
	at com.sirma.itt.javacourse.utility.MathUtility.quickSort(MathUtility.java:180)
	at com.sirma.itt.javacourse.utility.MathUtility.quickSort(MathUtility.java:180)
	at com.sirma.itt.javacourse.utility.MathUtility.quickSort(MathUtility.java:180)
	at com.sirma.itt.javacourse.utility.MathUtility.quickSort(MathUtility.java:180)
	at com.sirma.itt.javacourse.utility.MathUtility.quickSort(MathUtility.java:180)
	at com.sirma.itt.javacourse.utility.MathUtility.quickSort(MathUtility.java:180)
	at com.sirma.itt.javacourse.utility.MathUtility.quickSort(MathUtility.java:180)
	at com.sirma.itt.javacourse.utility.MathUtility.quickSort(MathUtility.java:180)
	at com.sirma.itt.javacourse.utility.MathUtility.quickSort(MathUtility.java:180)
	at com.sirma.itt.javacourse.utility.MathUtility.quickSort(MathUtility.java:180)
	at com.sirma.itt.javacourse.utility.MathUtility.quickSort(MathUtility.java:180)
	at com.sirma.itt.javacourse.utility.MathUtility.quickSort(MathUtility.java:180)
	at com.sirma.itt.javacourse.utility.MathUtility.quickSort(MathUtility.java:180)
	at com.sirma.itt.javacourse.utility.MathUtility.quickSort(MathUtility.java:180)
	at com.sirma.itt.javacourse.utility.MathUtility.quickSort(MathUtility.java:180)
	at com.sirma.itt.javacourse.utility.MathUtility.quickSort(MathUtility.java:180)
	at com.sirma.itt.javacourse.utility.MathUtility.quickSort(MathUtility.java:180)
	at com.sirma.itt.javacourse.utility.MathUtility.quickSort(MathUtility.java:180)
	at com.sirma.itt.javacourse.utility.MathUtility.quickSort(MathUtility.java:180)
	at com.sirma.itt.javacourse.utility.MathUtility.quickSort(MathUtility.java:180)
	at com.sirma.itt.javacourse.utility.MathUtility.quickSort(MathUtility.java:180)
	at com.sirma.itt.javacourse.utility.MathUtility.quickSort(MathUtility.java:180)
	at com.sirma.itt.javacourse.utility.MathUtility.quickSort(MathUtility.java:180)
	at com.sirma.itt.javacourse.utility.MathUtility.quickSort(MathUtility.java:180)
	at com.sirma.itt.javacourse.utility.MathUtility.quickSort(MathUtility.java:180)
	at com.sirma.itt.javacourse.utility.MathUtility.quickSort(MathUtility.java:180)
	at com.sirma.itt.javacourse.utility.MathUtility.quickSort(MathUtility.java:180)
	at com.sirma.itt.javacourse.utility.MathUtility.quickSort(MathUtility.java:180)
	at com.sirma.itt.javacourse.utility.MathUtility.quickSort(MathUtility.java:180)
	at com.sirma.itt.javacourse.utility.MathUtility.quickSort(MathUtility.java:180)
	at com.sirma.itt.javacourse.utility.MathUtility.quickSort(MathUtility.java:180)
	at com.sirma.itt.javacourse.utility.MathUtility.quickSort(MathUtility.java:180)
	at com.sirma.itt.javacourse.utility.MathUtility.quickSort(MathUtility.java:180)
	at com.sirma.itt.javacourse.utility.MathUtility.quickSort(MathUtility.java:180)
	at com.sirma.itt.javacourse.utility.MathUtility.quickSort(MathUtility.java:180)
	at com.sirma.itt.javacourse.utility.MathUtility.quickSort(MathUtility.java:180)
	at com.sirma.itt.javacourse.utility.MathUtility.quickSort(MathUtility.java:180)
	at com.sirma.itt.javacourse.utility.MathUtility.quickSort(MathUtility.java:180)
	at com.sirma.itt.javacourse.utility.MathUtility.quickSort(MathUtility.java:180)
	at com.sirma.itt.javacourse.utility.MathUtility.quickSort(MathUtility.java:180)
	at com.sirma.itt.javacourse.utility.MathUtility.quickSort(MathUtility.java:180)
	at com.sirma.itt.javacourse.utility.MathUtility.quickSort(MathUtility.java:180)
	at com.sirma.itt.javacourse.utility.MathUtility.quickSort(MathUtility.java:180)
	at com.sirma.itt.javacourse.utility.MathUtility.quickSort(MathUtility.java:180)
	at com.sirma.itt.javacourse.utility.MathUtility.quickSort(MathUtility.java:180)
	at com.sirma.itt.javacourse.utility.MathUtility.quickSort(MathUtility.java:180)
	at com.sirma.itt.javacourse.utility.MathUtility.quickSort(MathUtility.java:180)
	at com.sirma.itt.javacourse.utility.MathUtility.quickSort(MathUtility.java:180)
	at com.sirma.itt.javacourse.utility.MathUtility.quickSort(MathUtility.java:180)
	at com.sirma.itt.javacourse.utility.MathUtility.quickSort(MathUtility.java:180)
	at com.sirma.itt.javacourse.utility.MathUtility.quickSort(MathUtility.java:180)
	at com.sirma.itt.javacourse.utility.MathUtility.quickSort(MathUtility.java:180)
	at com.sirma.itt.javacourse.utility.MathUtility.quickSort(MathUtility.java:180)
	at com.sirma.itt.javacourse.utility.MathUtility.quickSort(MathUtility.java:180)
	at com.sirma.itt.javacourse.utility.MathUtility.quickSort(MathUtility.java:180)
	at com.sirma.itt.javacourse.utility.MathUtility.quickSort(MathUtility.java:180)
	at com.sirma.itt.javacourse.utility.MathUtility.quickSort(MathUtility.java:180)
	at com.sirma.itt.javacourse.utility.MathUtility.quickSort(MathUtility.java:180)
	at com.sirma.itt.javacourse.utility.MathUtility.quickSort(MathUtility.java:180)
	at com.sirma.itt.javacourse.utility.MathUtility.quickSort(MathUtility.java:180)
	at com.sirma.itt.javacourse.utility.MathUtility.quickSort(MathUtility.java:180)
	at com.sirma.itt.javacourse.utility.MathUtility.quickSort(MathUtility.java:180)
	at com.sirma.itt.javacourse.utility.MathUtility.quickSort(MathUtility.java:180)
	at com.sirma.itt.javacourse.utility.MathUtility.quickSort(MathUtility.java:180)
	at com.sirma.itt.javacourse.utility.MathUtility.quickSort(MathUtility.java:180)
	at com.sirma.itt.javacourse.utility.MathUtility.quickSort(MathUtility.java:180)
	at com.sirma.itt.javacourse.utility.MathUtility.quickSort(MathUtility.java:180)
	at com.sirma.itt.javacourse.utility.MathUtility.quickSort(MathUtility.java:180)
	at com.sirma.itt.javacourse.utility.MathUtility.quickSort(MathUtility.java:180)
	at com.sirma.itt.javacourse.utility.MathUtility.quickSort(MathUtility.java:180)
	at com.sirma.itt.javacourse.utility.MathUtility.quickSort(MathUtility.java:180)
	at com.sirma.itt.javacourse.utility.MathUtility.quickSort(MathUtility.java:180)
	at com.sirma.itt.javacourse.utility.MathUtility.quickSort(MathUtility.java:180)
	at com.sirma.itt.javacourse.utility.MathUtility.quickSort(MathUtility.java:180)
	at com.sirma.itt.javacourse.utility.MathUtility.quickSort(MathUtility.java:180)
	at com.sirma.itt.javacourse.utility.MathUtility.quickSort(MathUtility.java:180)
	at com.sirma.itt.javacourse.utility.MathUtility.quickSort(MathUtility.java:180)
	at com.sirma.itt.javacourse.utility.MathUtility.quickSort(MathUtility.java:180)
	at com.sirma.itt.javacourse.utility.MathUtility.quickSort(MathUtility.java:180)
	at com.sirma.itt.javacourse.utility.MathUtility.quickSort(MathUtility.java:180)
	at com.sirma.itt.javacourse.utility.MathUtility.quickSort(MathUtility.java:180)
	at com.sirma.itt.javacourse.utility.MathUtility.quickSort(MathUtility.java:180)
	at com.sirma.itt.javacourse.utility.MathUtility.quickSort(MathUtility.java:180)
	at com.sirma.itt.javacourse.utility.MathUtility.quickSort(MathUtility.java:180)
	at com.sirma.itt.javacourse.utility.MathUtility.quickSort(MathUtility.java:180)
	at com.sirma.itt.javacourse.utility.MathUtility.quickSort(MathUtility.java:180)
	at com.sirma.itt.javacourse.utility.MathUtility.quickSort(MathUtility.java:180)
	at com.sirma.itt.javacourse.utility.MathUtility.quickSort(MathUtility.java:180)
	at com.sirma.itt.javacourse.utility.MathUtility.quickSort(MathUtility.java:180)
	at com.sirma.itt.javacourse.utility.MathUtility.quickSort(MathUtility.java:180)
	at com.sirma.itt.javacourse.utility.MathUtility.quickSort(MathUtility.java:180)
	at com.sirma.itt.javacourse.utility.MathUtility.quickSort(MathUtility.java:180)
	at com.sirma.itt.javacourse.utility.MathUtility.quickSort(MathUtility.java:180)
	at com.sirma.itt.javacourse.utility.MathUtility.quickSort(MathUtility.java:180)
	at com.sirma.itt.javacourse.utility.MathUtility.quickSort(MathUtility.java:180)
	at com.sirma.itt.javacourse.utility.MathUtility.quickSort(MathUtility.java:180)
	at com.sirma.itt.javacourse.utility.MathUtility.quickSort(MathUtility.java:180)
	at com.sirma.itt.javacourse.utility.MathUtility.quickSort(MathUtility.java:180)
	at com.sirma.itt.javacourse.utility.MathUtility.quickSort(MathUtility.java:180)
	at com.sirma.itt.javacourse.utility.MathUtility.quickSort(MathUtility.java:180)
	at com.sirma.itt.javacourse.utility.MathUtility.quickSort(MathUtility.java:180)
	at com.sirma.itt.javacourse.utility.MathUtility.quickSort(MathUtility.java:180)
	at com.sirma.itt.javacourse.utility.MathUtility.quickSort(MathUtility.java:180)
	at com.sirma.itt.javacourse.utility.MathUtility.quickSort(MathUtility.java:180)
	at com.sirma.itt.javacourse.utility.MathUtility.quickSort(MathUtility.java:180)
	at com.sirma.itt.javacourse.utility.MathUtility.quickSort(MathUtility.java:180)
	at com.sirma.itt.javacourse.utility.MathUtility.quickSort(MathUtility.java:180)
	at com.sirma.itt.javacourse.utility.MathUtility.quickSort(MathUtility.java:180)
	at com.sirma.itt.javacourse.utility.MathUtility.quickSort(MathUtility.java:180)
	at com.sirma.itt.javacourse.utility.MathUtility.quickSort(MathUtility.java:180)
	at com.sirma.itt.javacourse.utility.MathUtility.quickSort(MathUtility.java:180)
	at com.sirma.itt.javacourse.utility.MathUtility.quickSort(MathUtility.java:180)
	at com.sirma.itt.javacourse.utility.MathUtility.quickSort(MathUtility.java:180)
	at com.sirma.itt.javacourse.utility.MathUtility.quickSort(MathUtility.java:180)
	at com.sirma.itt.javacourse.utility.MathUtility.quickSort(MathUtility.java:180)
	at com.sirma.itt.javacourse.utility.MathUtility.quickSort(MathUtility.java:180)
	at com.sirma.itt.javacourse.utility.MathUtility.quickSort(MathUtility.java:180)
	at com.sirma.itt.javacourse.utility.MathUtility.quickSort(MathUtility.java:180)
	at com.sirma.itt.javacourse.utility.MathUtility.quickSort(MathUtility.java:180)
	at com.sirma.itt.javacourse.utility.MathUtility.quickSort(MathUtility.java:180)
	at com.sirma.itt.javacourse.utility.MathUtility.quickSort(MathUtility.java:180)
	at com.sirma.itt.javacourse.utility.MathUtility.quickSort(MathUtility.java:180)
	at com.sirma.itt.javacourse.utility.MathUtility.quickSort(MathUtility.java:180)
	at com.sirma.itt.javacourse.utility.MathUtility.quickSort(MathUtility.java:180)
	at com.sirma.itt.javacourse.utility.MathUtility.quickSort(MathUtility.java:180)
	at com.sirma.itt.javacourse.utility.MathUtility.quickSort(MathUtility.java:180)
	at com.sirma.itt.javacourse.utility.MathUtility.quickSort(MathUtility.java:180)
	at com.sirma.itt.javacourse.utility.MathUtility.quickSort(MathUtility.java:180)
	at com.sirma.itt.javacourse.utility.MathUtility.quickSort(MathUtility.java:180)
	at com.sirma.itt.javacourse.utility.MathUtility.quickSort(MathUtility.java:180)
	at com.sirma.itt.javacourse.utility.MathUtility.quickSort(MathUtility.java:180)
	at com.sirma.itt.javacourse.utility.MathUtility.quickSort(MathUtility.java:180)
	at com.sirma.itt.javacourse.utility.MathUtility.quickSort(MathUtility.java:180)
	at com.sirma.itt.javacourse.utility.MathUtility.quickSort(MathUtility.java:180)
	at com.sirma.itt.javacourse.utility.MathUtility.quickSort(MathUtility.java:180)
	at com.sirma.itt.javacourse.utility.MathUtility.quickSort(MathUtility.java:180)
	at com.sirma.itt.javacourse.utility.MathUtility.quickSort(MathUtility.java:180)
	at com.sirma.itt.javacourse.utility.MathUtility.quickSort(MathUtility.java:180)
	at com.sirma.itt.javacourse.utility.MathUtility.quickSort(MathUtility.java:180)
	at com.sirma.itt.javacourse.utility.MathUtility.quickSort(MathUtility.java:180)
	at com.sirma.itt.javacourse.utility.MathUtility.quickSort(MathUtility.java:180)
	at com.sirma.itt.javacourse.utility.MathUtility.quickSort(MathUtility.java:180)
	at com.sirma.itt.javacourse.utility.MathUtility.quickSort(MathUtility.java:180)
	at com.sirma.itt.javacourse.utility.MathUtility.quickSort(MathUtility.java:180)
	at com.sirma.itt.javacourse.utility.MathUtility.quickSort(MathUtility.java:180)
	at com.sirma.itt.javacourse.utility.MathUtility.quickSort(MathUtility.java:180)
	at com.sirma.itt.javacourse.utility.MathUtility.quickSort(MathUtility.java:180)
	at com.sirma.itt.javacourse.utility.MathUtility.quickSort(MathUtility.java:180)
	at com.sirma.itt.javacourse.utility.MathUtility.quickSort(MathUtility.java:180)
	at com.sirma.itt.javacourse.utility.MathUtility.quickSort(MathUtility.java:180)
	at com.sirma.itt.javacourse.utility.MathUtility.quickSort(MathUtility.java:180)
	at com.sirma.itt.javacourse.utility.MathUtility.quickSort(MathUtility.java:180)
	at com.sirma.itt.javacourse.utility.MathUtility.quickSort(MathUtility.java:180)
	at com.sirma.itt.javacourse.utility.MathUtility.quickSort(MathUtility.java:180)
	at com.sirma.itt.javacourse.utility.MathUtility.quickSort(MathUtility.java:180)
	at com.sirma.itt.javacourse.utility.MathUtility.quickSort(MathUtility.java:180)
	at com.sirma.itt.javacourse.utility.MathUtility.quickSort(MathUtility.java:180)
	at com.sirma.itt.javacourse.utility.MathUtility.quickSort(MathUtility.java:180)
	at com.sirma.itt.javacourse.utility.MathUtility.quickSort(MathUtility.java:180)
	at com.sirma.itt.javacourse.utility.MathUtility.quickSort(MathUtility.java:180)
	at com.sirma.itt.javacourse.utility.MathUtility.quickSort(MathUtility.java:180)
	at com.sirma.itt.javacourse.utility.MathUtility.quickSort(MathUtility.java:180)
	at com.sirma.itt.javacourse.utility.MathUtility.quickSort(MathUtility.java:180)
	at com.sirma.itt.javacourse.utility.MathUtility.quickSort(MathUtility.java:180)
	at com.sirma.itt.javacourse.utility.MathUtility.quickSort(MathUtility.java:180)
	at com.sirma.itt.javacourse.utility.MathUtility.quickSort(MathUtility.java:180)
	at com.sirma.itt.javacourse.utility.MathUtility.quickSort(MathUtility.java:180)
	at com.sirma.itt.javacourse.utility.MathUtility.quickSort(MathUtility.java:180)
	at com.sirma.itt.javacourse.utility.MathUtility.quickSort(MathUtility.java:180)
	at com.sirma.itt.javacourse.utility.MathUtility.quickSort(MathUtility.java:180)
	at com.sirma.itt.javacourse.utility.MathUtility.quickSort(MathUtility.java:180)
	at com.sirma.itt.javacourse.utility.MathUtility.quickSort(MathUtility.java:180)
	at com.sirma.itt.javacourse.utility.MathUtility.quickSort(MathUtility.java:180)
	at com.sirma.itt.javacourse.utility.MathUtility.quickSort(MathUtility.java:180)
	at com.sirma.itt.javacourse.utility.MathUtility.quickSort(MathUtility.java:180)
	at com.sirma.itt.javacourse.utility.MathUtility.quickSort(MathUtility.java:180)
	at com.sirma.itt.javacourse.utility.MathUtility.quickSort(MathUtility.java:180)
	at com.sirma.itt.javacourse.utility.MathUtility.quickSort(MathUtility.java:180)
	at com.sirma.itt.javacourse.utility.MathUtility.quickSort(MathUtility.java:180)
	at com.sirma.itt.javacourse.utility.MathUtility.quickSort(MathUtility.java:180)
	at com.sirma.itt.javacourse.utility.MathUtility.quickSort(MathUtility.java:180)
	at com.sirma.itt.javacourse.utility.MathUtility.quickSort(MathUtility.java:180)
	at com.sirma.itt.javacourse.utility.MathUtility.quickSort(MathUtility.java:180)
	at com.sirma.itt.javacourse.utility.MathUtility.quickSort(MathUtility.java:180)
	at com.sirma.itt.javacourse.utility.MathUtility.quickSort(MathUtility.java:180)
	at com.sirma.itt.javacourse.utility.MathUtility.quickSort(MathUtility.java:180)
	at com.sirma.itt.javacourse.utility.MathUtility.quickSort(MathUtility.java:180)
	at com.sirma.itt.javacourse.utility.MathUtility.quickSort(MathUtility.java:180)
	at com.sirma.itt.javacourse.utility.MathUtility.quickSort(MathUtility.java:180)
	at com.sirma.itt.javacourse.utility.MathUtility.quickSort(MathUtility.java:180)
	at com.sirma.itt.javacourse.utility.MathUtility.quickSort(MathUtility.java:180)
	at com.sirma.itt.javacourse.utility.MathUtility.quickSort(MathUtility.java:180)
	at com.sirma.itt.javacourse.utility.MathUtility.quickSort(MathUtility.java:180)
	at com.sirma.itt.javacourse.utility.MathUtility.quickSort(MathUtility.java:180)
	at com.sirma.itt.javacourse.utility.MathUtility.quickSort(MathUtility.java:180)
	at com.sirma.itt.javacourse.utility.MathUtility.quickSort(MathUtility.java:180)
	at com.sirma.itt.javacourse.utility.MathUtility.quickSort(MathUtility.java:180)
	at com.sirma.itt.javacourse.utility.MathUtility.quickSort(MathUtility.java:180)
	at com.sirma.itt.javacourse.utility.MathUtility.quickSort(MathUtility.java:180)
	at com.sirma.itt.javacourse.utility.MathUtility.quickSort(MathUtility.java:180)
	at com.sirma.itt.javacourse.utility.MathUtility.quickSort(MathUtility.java:180)
	at com.sirma.itt.javacourse.utility.MathUtility.quickSort(MathUtility.java:180)
	at com.sirma.itt.javacourse.utility.MathUtility.quickSort(MathUtility.java:180)
	at com.sirma.itt.javacourse.utility.MathUtility.quickSort(MathUtility.java:180)
	at com.sirma.itt.javacourse.utility.MathUtility.quickSort(MathUtility.java:180)
	at com.sirma.itt.javacourse.utility.MathUtility.quickSort(MathUtility.java:180)
	at com.sirma.itt.javacourse.utility.MathUtility.quickSort(MathUtility.java:180)
	at com.sirma.itt.javacourse.utility.MathUtility.quickSort(MathUtility.java:180)
	at com.sirma.itt.javacourse.utility.MathUtility.quickSort(MathUtility.java:180)
	at com.sirma.itt.javacourse.utility.MathUtility.quickSort(MathUtility.java:180)
	at com.sirma.itt.javacourse.utility.MathUtility.quickSort(MathUtility.java:180)
	at com.sirma.itt.javacourse.utility.MathUtility.quickSort(MathUtility.java:180)
	at com.sirma.itt.javacourse.utility.MathUtility.quickSort(MathUtility.java:180)
	at com.sirma.itt.javacourse.utility.MathUtility.quickSort(MathUtility.java:180)
	at com.sirma.itt.javacourse.utility.MathUtility.quickSort(MathUtility.java:180)
	at com.sirma.itt.javacourse.utility.MathUtility.quickSort(MathUtility.java:180)
	at com.sirma.itt.javacourse.utility.MathUtility.quickSort(MathUtility.java:180)
	at com.sirma.itt.javacourse.utility.MathUtility.quickSort(MathUtility.java:180)
	at com.sirma.itt.javacourse.utility.MathUtility.quickSort(MathUtility.java:180)
	at com.sirma.itt.javacourse.utility.MathUtility.quickSort(MathUtility.java:180)
	at com.sirma.itt.javacourse.utility.MathUtility.quickSort(MathUtility.java:180)
	at com.sirma.itt.javacourse.utility.MathUtility.quickSort(MathUtility.java:180)
	at com.sirma.itt.javacourse.utility.MathUtility.quickSort(MathUtility.java:180)
	at com.sirma.itt.javacourse.utility.MathUtility.quickSort(MathUtility.java:180)
	at com.sirma.itt.javacourse.utility.MathUtility.quickSort(MathUtility.java:180)
	at com.sirma.itt.javacourse.utility.MathUtility.quickSort(MathUtility.java:180)
	at com.sirma.itt.javacourse.utility.MathUtility.quickSort(MathUtility.java:180)
	at com.sirma.itt.javacourse.utility.MathUtility.quickSort(MathUtility.java:180)
	at com.sirma.itt.javacourse.utility.MathUtility.quickSort(MathUtility.java:180)
	at com.sirma.itt.javacourse.utility.MathUtility.quickSort(MathUtility.java:180)
	at com.sirma.itt.javacourse.utility.MathUtility.quickSort(MathUtility.java:180)
	at com.sirma.itt.javacourse.utility.MathUtility.quickSort(MathUtility.java:180)
	at com.sirma.itt.javacourse.utility.MathUtility.quickSort(MathUtility.java:180)
	at com.sirma.itt.javacourse.utility.MathUtility.quickSort(MathUtility.java:180)
	at com.sirma.itt.javacourse.utility.MathUtility.quickSort(MathUtility.java:180)
	at com.sirma.itt.javacourse.utility.MathUtility.quickSort(MathUtility.java:180)
	at com.sirma.itt.javacourse.utility.MathUtility.quickSort(MathUtility.java:180)
	at com.sirma.itt.javacourse.utility.MathUtility.quickSort(MathUtility.java:180)
	at com.sirma.itt.javacourse.utility.MathUtility.quickSort(MathUtility.java:180)
	at com.sirma.itt.javacourse.utility.MathUtility.quickSort(MathUtility.java:180)
	at com.sirma.itt.javacourse.utility.MathUtility.quickSort(MathUtility.java:180)
	at com.sirma.itt.javacourse.utility.MathUtility.quickSort(MathUtility.java:180)
	at com.sirma.itt.javacourse.utility.MathUtility.quickSort(MathUtility.java:180)
	at com.sirma.itt.javacourse.utility.MathUtility.quickSort(MathUtility.java:180)
	at com.sirma.itt.javacourse.utility.MathUtility.quickSort(MathUtility.java:180)
	at com.sirma.itt.javacourse.utility.MathUtility.quickSort(MathUtility.java:180)
	at com.sirma.itt.javacourse.utility.MathUtility.quickSort(MathUtility.java:180)
	at com.sirma.itt.javacourse.utility.MathUtility.quickSort(MathUtility.java:180)
	at com.sirma.itt.javacourse.utility.MathUtility.quickSort(MathUtility.java:180)
	at com.sirma.itt.javacourse.utility.MathUtility.quickSort(MathUtility.java:180)
	at com.sirma.itt.javacourse.utility.MathUtility.quickSort(MathUtility.java:180)
	at com.sirma.itt.javacourse.utility.MathUtility.quickSort(MathUtility.java:180)
	at com.sirma.itt.javacourse.utility.MathUtility.quickSort(MathUtility.java:180)
	at com.sirma.itt.javacourse.utility.MathUtility.quickSort(MathUtility.java:180)
	at com.sirma.itt.javacourse.utility.MathUtility.quickSort(MathUtility.java:180)
	at com.sirma.itt.javacourse.utility.MathUtility.quickSort(MathUtility.java:180)
	at com.sirma.itt.javacourse.utility.MathUtility.quickSort(MathUtility.java:180)
	at com.sirma.itt.javacourse.utility.MathUtility.quickSort(MathUtility.java:180)
	at com.sirma.itt.javacourse.utility.MathUtility.quickSort(MathUtility.java:180)
	at com.sirma.itt.javacourse.utility.MathUtility.quickSort(MathUtility.java:180)
	at com.sirma.itt.javacourse.utility.MathUtility.quickSort(MathUtility.java:180)
	at com.sirma.itt.javacourse.utility.MathUtility.quickSort(MathUtility.java:180)
	at com.sirma.itt.javacourse.utility.MathUtility.quickSort(MathUtility.java:180)
	at com.sirma.itt.javacourse.utility.MathUtility.quickSort(MathUtility.java:180)
	at com.sirma.itt.javacourse.utility.MathUtility.quickSort(MathUtility.java:180)
	at com.sirma.itt.javacourse.utility.MathUtility.quickSort(MathUtility.java:180)
	at com.sirma.itt.javacourse.utility.MathUtility.quickSort(MathUtility.java:180)
	at com.sirma.itt.javacourse.utility.MathUtility.quickSort(MathUtility.java:180)
	at com.sirma.itt.javacourse.utility.MathUtility.quickSort(MathUtility.java:180)
	at com.sirma.itt.javacourse.utility.MathUtility.quickSort(MathUtility.java:180)
	at com.sirma.itt.javacourse.utility.MathUtility.quickSort(MathUtility.java:180)
	at com.sirma.itt.javacourse.utility.MathUtility.quickSort(MathUtility.java:180)
	at com.sirma.itt.javacourse.utility.MathUtility.quickSort(MathUtility.java:180)
	at com.sirma.itt.javacourse.utility.MathUtility.quickSort(MathUtility.java:180)
	at com.sirma.itt.javacourse.utility.MathUtility.quickSort(MathUtility.java:180)
	at com.sirma.itt.javacourse.utility.MathUtility.quickSort(MathUtility.java:180)
	at com.sirma.itt.javacourse.utility.MathUtility.quickSort(MathUtility.java:180)
	at com.sirma.itt.javacourse.utility.MathUtility.quickSort(MathUtility.java:180)
	at com.sirma.itt.javacourse.utility.MathUtility.quickSort(MathUtility.java:180)
	at com.sirma.itt.javacourse.utility.MathUtility.quickSort(MathUtility.java:180)
	at com.sirma.itt.javacourse.utility.MathUtility.quickSort(MathUtility.java:180)
	at com.sirma.itt.javacourse.utility.MathUtility.quickSort(MathUtility.java:180)
	at com.sirma.itt.javacourse.utility.MathUtility.quickSort(MathUtility.java:180)
	at com.sirma.itt.javacourse.utility.MathUtility.quickSort(MathUtility.java:180)
	at com.sirma.itt.javacourse.utility.MathUtility.quickSort(MathUtility.java:180)
	at com.sirma.itt.javacourse.utility.MathUtility.quickSort(MathUtility.java:180)
	at com.sirma.itt.javacourse.utility.MathUtility.quickSort(MathUtility.java:180)
	at com.sirma.itt.javacourse.utility.MathUtility.quickSort(MathUtility.java:180)
	at com.sirma.itt.javacourse.utility.MathUtility.quickSort(MathUtility.java:180)
	at com.sirma.itt.javacourse.utility.MathUtility.quickSort(MathUtility.java:180)
	at com.sirma.itt.javacourse.utility.MathUtility.quickSort(MathUtility.java:180)
	at com.sirma.itt.javacourse.utility.MathUtility.quickSort(MathUtility.java:180)
	at com.sirma.itt.javacourse.utility.MathUtility.quickSort(MathUtility.java:180)
	at com.sirma.itt.javacourse.utility.MathUtility.quickSort(MathUtility.java:180)
	at com.sirma.itt.javacourse.utility.MathUtility.quickSort(MathUtility.java:180)
	at com.sirma.itt.javacourse.utility.MathUtility.quickSort(MathUtility.java:180)
	at com.sirma.itt.javacourse.utility.MathUtility.quickSort(MathUtility.java:180)
	at com.sirma.itt.javacourse.utility.MathUtility.quickSort(MathUtility.java:180)
	at com.sirma.itt.javacourse.utility.MathUtility.quickSort(MathUtility.java:180)
	at com.sirma.itt.javacourse.utility.MathUtility.quickSort(MathUtility.java:180)
	at com.sirma.itt.javacourse.utility.MathUtility.quickSort(MathUtility.java:180)
	at com.sirma.itt.javacourse.utility.MathUtility.quickSort(MathUtility.java:180)
	at com.sirma.itt.javacourse.utility.MathUtility.quickSort(MathUtility.java:180)
	at com.sirma.itt.javacourse.utility.MathUtility.quickSort(MathUtility.java:180)
	at com.sirma.itt.javacourse.utility.MathUtility.quickSort(MathUtility.java:180)
	at com.sirma.itt.javacourse.utility.MathUtility.quickSort(MathUtility.java:180)
	at com.sirma.itt.javacourse.utility.MathUtility.quickSort(MathUtility.java:180)
	at com.sirma.itt.javacourse.utility.MathUtility.quickSort(MathUtility.java:180)
	at com.sirma.itt.javacourse.utility.MathUtility.quickSort(MathUtility.java:180)
	at com.sirma.itt.javacourse.utility.MathUtility.quickSort(MathUtility.java:180)
	at com.sirma.itt.javacourse.utility.MathUtility.quickSort(MathUtility.java:180)
	at com.sirma.itt.javacourse.utility.MathUtility.quickSort(MathUtility.java:180)
	at com.sirma.itt.javacourse.utility.MathUtility.quickSort(MathUtility.java:180)
	at com.sirma.itt.javacourse.utility.MathUtility.quickSort(MathUtility.java:180)
	at com.sirma.itt.javacourse.utility.MathUtility.quickSort(MathUtility.java:180)
	at com.sirma.itt.javacourse.utility.MathUtility.quickSort(MathUtility.java:180)
	at com.sirma.itt.javacourse.utility.MathUtility.quickSort(MathUtility.java:180)
	at com.sirma.itt.javacourse.utility.MathUtility.quickSort(MathUtility.java:180)
	at com.sirma.itt.javacourse.utility.MathUtility.quickSort(MathUtility.java:180)
	at com.sirma.itt.javacourse.utility.MathUtility.quickSort(MathUtility.java:180)
	at com.sirma.itt.javacourse.utility.MathUtility.quickSort(MathUtility.java:180)
	at com.sirma.itt.javacourse.utility.MathUtility.quickSort(MathUtility.java:180)
	at com.sirma.itt.javacourse.utility.MathUtility.quickSort(MathUtility.java:180)
	at com.sirma.itt.javacourse.utility.MathUtility.quickSort(MathUtility.java:180)
	at com.sirma.itt.javacourse.utility.MathUtility.quickSort(MathUtility.java:180)
	at com.sirma.itt.javacourse.utility.MathUtility.quickSort(MathUtility.java:180)
	at com.sirma.itt.javacourse.utility.MathUtility.quickSort(MathUtility.java:180)
	at com.sirma.itt.javacourse.utility.MathUtility.quickSort(MathUtility.java:180)
	at com.sirma.itt.javacourse.utility.MathUtility.quickSort(MathUtility.java:180)
	at com.sirma.itt.javacourse.utility.MathUtility.quickSort(MathUtility.java:180)
	at com.sirma.itt.javacourse.utility.MathUtility.quickSort(MathUtility.java:180)
	at com.sirma.itt.javacourse.utility.MathUtility.quickSort(MathUtility.java:180)
	at com.sirma.itt.javacourse.utility.MathUtility.quickSort(MathUtility.java:180)
	at com.sirma.itt.javacourse.utility.MathUtility.quickSort(MathUtility.java:180)
	at com.sirma.itt.javacourse.utility.MathUtility.quickSort(MathUtility.java:180)
	at com.sirma.itt.javacourse.utility.MathUtility.quickSort(MathUtility.java:180)
	at com.sirma.itt.javacourse.utility.MathUtility.quickSort(MathUtility.java:180)
	at com.sirma.itt.javacourse.utility.MathUtility.quickSort(MathUtility.java:180)
	at com.sirma.itt.javacourse.utility.MathUtility.quickSort(MathUtility.java:180)
	at com.sirma.itt.javacourse.utility.MathUtility.quickSort(MathUtility.java:180)
	at com.sirma.itt.javacourse.utility.MathUtility.quickSort(MathUtility.java:180)
	at com.sirma.itt.javacourse.utility.MathUtility.quickSort(MathUtility.java:180)
	at com.sirma.itt.javacourse.utility.MathUtility.quickSort(MathUtility.java:180)
	at com.sirma.itt.javacourse.utility.MathUtility.quickSort(MathUtility.java:180)
	at com.sirma.itt.javacourse.utility.MathUtility.quickSort(MathUtility.java:180)
	at com.sirma.itt.javacourse.utility.MathUtility.quickSort(MathUtility.java:180)
	at com.sirma.itt.javacourse.utility.MathUtility.quickSort(MathUtility.java:180)
	at com.sirma.itt.javacourse.utility.MathUtility.quickSort(MathUtility.java:180)
	at com.sirma.itt.javacourse.utility.MathUtility.quickSort(MathUtility.java:180)
	at com.sirma.itt.javacourse.utility.MathUtility.quickSort(MathUtility.java:180)
	at com.sirma.itt.javacourse.utility.MathUtility.quickSort(MathUtility.java:180)
	at com.sirma.itt.javacourse.utility.MathUtility.quickSort(MathUtility.java:180)
	at com.sirma.itt.javacourse.utility.MathUtility.quickSort(MathUtility.java:180)
	at com.sirma.itt.javacourse.utility.MathUtility.quickSort(MathUtility.java:180)
	at com.sirma.itt.javacourse.utility.MathUtility.quickSort(MathUtility.java:180)
	at com.sirma.itt.javacourse.utility.MathUtility.quickSort(MathUtility.java:180)
	at com.sirma.itt.javacourse.utility.MathUtility.quickSort(MathUtility.java:180)
	at com.sirma.itt.javacourse.utility.MathUtility.quickSort(MathUtility.java:180)
	at com.sirma.itt.javacourse.utility.MathUtility.quickSort(MathUtility.java:180)
	at com.sirma.itt.javacourse.utility.MathUtility.quickSort(MathUtility.java:180)
	at com.sirma.itt.javacourse.utility.MathUtility.quickSort(MathUtility.java:180)
	at com.sirma.itt.javacourse.utility.MathUtility.quickSort(MathUtility.java:180)
	at com.sirma.itt.javacourse.utility.MathUtility.quickSort(MathUtility.java:180)
	at com.sirma.itt.javacourse.utility.MathUtility.quickSort(MathUtility.java:180)
	at com.sirma.itt.javacourse.utility.MathUtility.quickSort(MathUtility.java:180)
	at com.sirma.itt.javacourse.utility.MathUtility.quickSort(MathUtility.java:180)
	at com.sirma.itt.javacourse.utility.MathUtility.quickSort(MathUtility.java:180)
	at com.sirma.itt.javacourse.utility.MathUtility.quickSort(MathUtility.java:180)
	at com.sirma.itt.javacourse.utility.MathUtility.quickSort(MathUtility.java:180)
	at com.sirma.itt.javacourse.utility.MathUtility.quickSort(MathUtility.java:180)
	at com.sirma.itt.javacourse.utility.MathUtility.quickSort(MathUtility.java:180)
	at com.sirma.itt.javacourse.utility.MathUtility.quickSort(MathUtility.java:180)
	at com.sirma.itt.javacourse.utility.MathUtility.quickSort(MathUtility.java:180)
	at com.sirma.itt.javacourse.utility.MathUtility.quickSort(MathUtility.java:180)
	at com.sirma.itt.javacourse.utility.MathUtility.quickSort(MathUtility.java:180)
	at com.sirma.itt.javacourse.utility.MathUtility.quickSort(MathUtility.java:180)
	at com.sirma.itt.javacourse.utility.MathUtility.quickSort(MathUtility.java:180)
	at com.sirma.itt.javacourse.utility.MathUtility.quickSort(MathUtility.java:180)
	at com.sirma.itt.javacourse.utility.MathUtility.quickSort(MathUtility.java:180)
	at com.sirma.itt.javacourse.utility.MathUtility.quickSort(MathUtility.java:180)
	at com.sirma.itt.javacourse.utility.MathUtility.quickSort(MathUtility.java:180)
	at com.sirma.itt.javacourse.utility.MathUtility.quickSort(MathUtility.java:180)
	at com.sirma.itt.javacourse.utility.MathUtility.quickSort(MathUtility.java:180)
	at com.sirma.itt.javacourse.utility.MathUtility.quickSort(MathUtility.java:180)
	at com.sirma.itt.javacourse.utility.MathUtility.quickSort(MathUtility.java:180)
	at com.sirma.itt.javacourse.utility.MathUtility.quickSort(MathUtility.java:180)
	at com.sirma.itt.javacourse.utility.MathUtility.quickSort(MathUtility.java:180)
	at com.sirma.itt.javacourse.utility.MathUtility.quickSort(MathUtility.java:180)
	at com.sirma.itt.javacourse.utility.MathUtility.quickSort(MathUtility.java:180)
	at com.sirma.itt.javacourse.utility.MathUtility.quickSort(MathUtility.java:180)
	at com.sirma.itt.javacourse.utility.MathUtility.quickSort(MathUtility.java:180)
	at com.sirma.itt.javacourse.utility.MathUtility.quickSort(MathUtility.java:180)
	at com.sirma.itt.javacourse.utility.MathUtility.quickSort(MathUtility.java:180)
	at com.sirma.itt.javacourse.utility.MathUtility.quickSort(MathUtility.java:180)
	at com.sirma.itt.javacourse.utility.MathUtility.quickSort(MathUtility.java:180)
	at com.sirma.itt.javacourse.utility.MathUtility.quickSort(MathUtility.java:180)
	at com.sirma.itt.javacourse.utility.MathUtility.quickSort(MathUtility.java:180)
	at com.sirma.itt.javacourse.utility.MathUtility.quickSort(MathUtility.java:180)
	at com.sirma.itt.javacourse.utility.MathUtility.quickSort(MathUtility.java:180)
	at com.sirma.itt.javacourse.utility.MathUtility.quickSort(MathUtility.java:180)
	at com.sirma.itt.javacourse.utility.MathUtility.quickSort(MathUtility.java:180)
	at com.sirma.itt.javacourse.utility.MathUtility.quickSort(MathUtility.java:180)
	at com.sirma.itt.javacourse.utility.MathUtility.quickSort(MathUtility.java:180)
	at com.sirma.itt.javacourse.utility.MathUtility.quickSort(MathUtility.java:180)
	at com.sirma.itt.javacourse.utility.MathUtility.quickSort(MathUtility.java:180)
	at com.sirma.itt.javacourse.utility.MathUtility.quickSort(MathUtility.java:180)
	at com.sirma.itt.javacourse.utility.MathUtility.quickSort(MathUtility.java:180)
	at com.sirma.itt.javacourse.utility.MathUtility.quickSort(MathUtility.java:180)
	at com.sirma.itt.javacourse.utility.MathUtility.quickSort(MathUtility.java:180)
	at com.sirma.itt.javacourse.utility.MathUtility.quickSort(MathUtility.java:180)
	at com.sirma.itt.javacourse.utility.MathUtility.quickSort(MathUtility.java:180)
	at com.sirma.itt.javacourse.utility.MathUtility.quickSort(MathUtility.java:180)
	at com.sirma.itt.javacourse.utility.MathUtility.quickSort(MathUtility.java:180)
	at com.sirma.itt.javacourse.utility.MathUtility.quickSort(MathUtility.java:180)
	at com.sirma.itt.javacourse.utility.MathUtility.quickSort(MathUtility.java:180)
	at com.sirma.itt.javacourse.utility.MathUtility.quickSort(MathUtility.java:180)
	at com.sirma.itt.javacourse.utility.MathUtility.quickSort(MathUtility.java:180)
	at com.sirma.itt.javacourse.utility.MathUtility.quickSort(MathUtility.java:180)
	at com.sirma.itt.javacourse.utility.MathUtility.quickSort(MathUtility.java:180)
	at com.sirma.itt.javacourse.utility.MathUtility.quickSort(MathUtility.java:180)
	at com.sirma.itt.javacourse.utility.MathUtility.quickSort(MathUtility.java:180)
	at com.sirma.itt.javacourse.utility.MathUtility.quickSort(MathUtility.java:180)
	at com.sirma.itt.javacourse.utility.MathUtility.quickSort(MathUtility.java:180)
	at com.sirma.itt.javacourse.utility.MathUtility.quickSort(MathUtility.java:180)
	at com.sirma.itt.javacourse.utility.MathUtility.quickSort(MathUtility.java:180)
	at com.sirma.itt.javacourse.utility.MathUtility.quickSort(MathUtility.java:180)
	at com.sirma.itt.javacourse.utility.MathUtility.quickSort(MathUtility.java:180)
	at com.sirma.itt.javacourse.utility.MathUtility.quickSort(MathUtility.java:180)
	at com.sirma.itt.javacourse.utility.MathUtility.quickSort(MathUtility.java:180)
	at com.sirma.itt.javacourse.utility.MathUtility.quickSort(MathUtility.java:180)
	at com.sirma.itt.javacourse.utility.MathUtility.quickSort(MathUtility.java:180)
	at com.sirma.itt.javacourse.utility.MathUtility.quickSort(MathUtility.java:180)
	at com.sirma.itt.javacourse.utility.MathUtility.quickSort(MathUtility.java:180)
	at com.sirma.itt.javacourse.utility.MathUtility.quickSort(MathUtility.java:180)
	at com.sirma.itt.javacourse.utility.MathUtility.quickSort(MathUtility.java:180)
	at com.sirma.itt.javacourse.utility.MathUtility.quickSort(MathUtility.java:180)
	at com.sirma.itt.javacourse.utility.MathUtility.quickSort(MathUtility.java:180)
	at com.sirma.itt.javacourse.utility.MathUtility.quickSort(MathUtility.java:180)
	at com.sirma.itt.javacourse.utility.MathUtility.quickSort(MathUtility.java:180)
	at com.sirma.itt.javacourse.utility.MathUtility.quickSort(MathUtility.java:180)
	at com.sirma.itt.javacourse.utility.MathUtility.quickSort(MathUtility.java:180)
	at com.sirma.itt.javacourse.utility.MathUtility.quickSort(MathUtility.java:180)
	at com.sirma.itt.javacourse.utility.MathUtility.quickSort(MathUtility.java:180)
	at com.sirma.itt.javacourse.utility.MathUtility.quickSort(MathUtility.java:180)
	at com.sirma.itt.javacourse.utility.MathUtility.quickSort(MathUtility.java:180)
	at com.sirma.itt.javacourse.utility.MathUtility.quickSort(MathUtility.java:180)
	at com.sirma.itt.javacourse.utility.MathUtility.quickSort(MathUtility.java:180)
	at com.sirma.itt.javacourse.utility.MathUtility.quickSort(MathUtility.java:180)
	at com.sirma.itt.javacourse.utility.MathUtility.quickSort(MathUtility.java:180)
	at com.sirma.itt.javacourse.utility.MathUtility.quickSort(MathUtility.java:180)
	at com.sirma.itt.javacourse.utility.MathUtility.quickSort(MathUtility.java:180)
	at com.sirma.itt.javacourse.utility.MathUtility.quickSort(MathUtility.java:180)
	at com.sirma.itt.javacourse.utility.MathUtility.quickSort(MathUtility.java:180)
	at com.sirma.itt.javacourse.utility.MathUtility.quickSort(MathUtility.java:180)
	at com.sirma.itt.javacourse.utility.MathUtility.quickSort(MathUtility.java:180)
	at com.sirma.itt.javacourse.utility.MathUtility.quickSort(MathUtility.java:180)
	at com.sirma.itt.javacourse.utility.MathUtility.quickSort(MathUtility.java:180)
	at com.sirma.itt.javacourse.utility.MathUtility.quickSort(MathUtility.java:180)
	at com.sirma.itt.javacourse.utility.MathUtility.quickSort(MathUtility.java:180)
	at com.sirma.itt.javacourse.utility.MathUtility.quickSort(MathUtility.java:180)
	at com.sirma.itt.javacourse.utility.MathUtility.quickSort(MathUtility.java:180)
	at com.sirma.itt.javacourse.utility.MathUtility.quickSort(MathUtility.java:180)
	at com.sirma.itt.javacourse.utility.MathUtility.quickSort(MathUtility.java:180)
	at com.sirma.itt.javacourse.utility.MathUtility.quickSort(MathUtility.java:180)
	at com.sirma.itt.javacourse.utility.MathUtility.quickSort(MathUtility.java:180)
	at com.sirma.itt.javacourse.utility.MathUtility.quickSort(MathUtility.java:180)
	at com.sirma.itt.javacourse.utility.MathUtility.quickSort(MathUtility.java:180)
	at com.sirma.itt.javacourse.utility.MathUtility.quickSort(MathUtility.java:180)
	at com.sirma.itt.javacourse.utility.MathUtility.quickSort(MathUtility.java:180)
	at com.sirma.itt.javacourse.utility.MathUtility.quickSort(MathUtility.java:180)
	at com.sirma.itt.javacourse.utility.MathUtility.quickSort(MathUtility.java:180)
	at com.sirma.itt.javacourse.utility.MathUtility.quickSort(MathUtility.java:180)
	at com.sirma.itt.javacourse.utility.MathUtility.quickSort(MathUtility.java:180)
	at com.sirma.itt.javacourse.utility.MathUtility.quickSort(MathUtility.java:180)
	at com.sirma.itt.javacourse.utility.MathUtility.quickSort(MathUtility.java:180)
	at com.sirma.itt.javacourse.utility.MathUtility.quickSort(MathUtility.java:180)
	at com.sirma.itt.javacourse.utility.MathUtility.quickSort(MathUtility.java:180)
	at com.sirma.itt.javacourse.utility.MathUtility.quickSort(MathUtility.java:180)
	at com.sirma.itt.javacourse.utility.MathUtility.quickSort(MathUtility.java:180)
	at com.sirma.itt.javacourse.utility.MathUtility.quickSort(MathUtility.java:180)
	at com.sirma.itt.javacourse.utility.MathUtility.quickSort(MathUtility.java:180)
	at com.sirma.itt.javacourse.utility.MathUtility.quickSort(MathUtility.java:180)
	at com.sirma.itt.javacourse.utility.MathUtility.quickSort(MathUtility.java:180)
	at com.sirma.itt.javacourse.utility.MathUtility.quickSort(MathUtility.java:180)
	at com.sirma.itt.javacourse.utility.MathUtility.quickSort(MathUtility.java:180)
	at com.sirma.itt.javacourse.utility.MathUtility.quickSort(MathUtility.java:180)
	at com.sirma.itt.javacourse.utility.MathUtility.quickSort(MathUtility.java:180)
	at com.sirma.itt.javacourse.utility.MathUtility.quickSort(MathUtility.java:180)
	at com.sirma.itt.javacourse.utility.MathUtility.quickSort(MathUtility.java:180)
	at com.sirma.itt.javacourse.utility.MathUtility.quickSort(MathUtility.java:180)
	at com.sirma.itt.javacourse.utility.MathUtility.quickSort(MathUtility.java:180)
	at com.sirma.itt.javacourse.utility.MathUtility.quickSort(MathUtility.java:180)
	at com.sirma.itt.javacourse.utility.MathUtility.quickSort(MathUtility.java:180)
	at com.sirma.itt.javacourse.utility.MathUtility.quickSort(MathUtility.java:180)
	at com.sirma.itt.javacourse.utility.MathUtility.quickSort(MathUtility.java:180)
	at com.sirma.itt.javacourse.utility.MathUtility.quickSort(MathUtility.java:180)
	at com.sirma.itt.javacourse.utility.MathUtility.quickSort(MathUtility.java:180)
	at com.sirma.itt.javacourse.utility.MathUtility.quickSort(MathUtility.java:180)
	at com.sirma.itt.javacourse.utility.MathUtility.quickSort(MathUtility.java:180)
	at com.sirma.itt.javacourse.utility.MathUtility.quickSort(MathUtility.java:180)
	at com.sirma.itt.javacourse.utility.MathUtility.quickSort(MathUtility.java:180)
	at com.sirma.itt.javacourse.utility.MathUtility.quickSort(MathUtility.java:180)
	at com.sirma.itt.javacourse.utility.MathUtility.quickSort(MathUtility.java:180)
	at com.sirma.itt.javacourse.utility.MathUtility.quickSort(MathUtility.java:180)
	at com.sirma.itt.javacourse.utility.MathUtility.quickSort(MathUtility.java:180)
	at com.sirma.itt.javacourse.utility.MathUtility.quickSort(MathUtility.java:180)
	at com.sirma.itt.javacourse.utility.MathUtility.quickSort(MathUtility.java:180)
	at com.sirma.itt.javacourse.utility.MathUtility.quickSort(MathUtility.java:180)
	at com.sirma.itt.javacourse.utility.MathUtility.quickSort(MathUtility.java:180)
	at com.sirma.itt.javacourse.utility.MathUtility.quickSort(MathUtility.java:180)
	at com.sirma.itt.javacourse.utility.MathUtility.quickSort(MathUtility.java:180)
	at com.sirma.itt.javacourse.utility.MathUtility.quickSort(MathUtility.java:180)
	at com.sirma.itt.javacourse.utility.MathUtility.quickSort(MathUtility.java:180)
	at com.sirma.itt.javacourse.utility.MathUtility.quickSort(MathUtility.java:180)
	at com.sirma.itt.javacourse.utility.MathUtility.quickSort(MathUtility.java:180)
	at com.sirma.itt.javacourse.utility.MathUtility.quickSort(MathUtility.java:180)
	at com.sirma.itt.javacourse.utility.MathUtility.quickSort(MathUtility.java:180)
	at com.sirma.itt.javacourse.utility.MathUtility.quickSort(MathUtility.java:180)
]]>
    </failure>
  </testcase> <!-- testQuickSort -->
</testsuite> <!-- Default test -->
