<?xml version="1.0" encoding="UTF-8"?>
<!-- Generated by org.testng.reporters.JUnitXMLReporter -->
<testsuite hostname="tpetrov-PC" name="Default test" tests="2" failures="0" timestamp="25 Aug 2014 15:38:43 GMT" time="0.062" errors="0">
  <testcase name="randomSymbolGenerator" time="0.032" classname="com.sirma.itt.javacourse.intro.tests.TestRandomSymbolGenerator"/>
  <testcase name="randomSymbolGenerator" time="0.0" classname="com.sirma.itt.javacourse.intro.tests.TestRandomSymbolGenerator"/>
</testsuite> <!-- Default test -->
