<?xml version="1.0" encoding="UTF-8"?>
<testng-results skipped="0" failed="0" total="5" passed="5">
  <reporter-output>
  </reporter-output>
  <suite name="Default suite" duration-ms="62" started-at="2014-09-11T14:28:46Z" finished-at="2014-09-11T14:28:46Z">
    <groups>
    </groups>
    <test name="Default test" duration-ms="62" started-at="2014-09-11T14:28:46Z" finished-at="2014-09-11T14:28:46Z">
      <class name="com.sirma.itt.javacourse.javaobjects.test.TestSumator">
        <test-method status="PASS" signature="getSum([Ljava.lang.Object;, java.lang.Object)[pri:0, instance:com.sirma.itt.javacourse.javaobjects.test.TestSumator@86684c]" name="getSum" duration-ms="32" started-at="2014-09-11T17:28:46Z" data-provider="testGetSum" finished-at="2014-09-11T17:28:46Z">
          <params>
            <param index="0">
              <value>
                <![CDATA[[Ljava.lang.Integer;@1eb18de]]>
              </value>
            </param>
            <param index="1">
              <value>
                <![CDATA[9]]>
              </value>
            </param>
          </params>
          <reporter-output>
          </reporter-output>
        </test-method> <!-- getSum -->
        <test-method status="PASS" signature="getSum([Ljava.lang.Object;, java.lang.Object)[pri:0, instance:com.sirma.itt.javacourse.javaobjects.test.TestSumator@86684c]" name="getSum" duration-ms="15" started-at="2014-09-11T17:28:46Z" data-provider="testGetSum" finished-at="2014-09-11T17:28:46Z">
          <params>
            <param index="0">
              <value>
                <![CDATA[[Ljava.math.BigInteger;@1237512]]>
              </value>
            </param>
            <param index="1">
              <value>
                <![CDATA[27]]>
              </value>
            </param>
          </params>
          <reporter-output>
          </reporter-output>
        </test-method> <!-- getSum -->
        <test-method status="PASS" signature="getSum([Ljava.lang.Object;, java.lang.Object)[pri:0, instance:com.sirma.itt.javacourse.javaobjects.test.TestSumator@86684c]" name="getSum" duration-ms="0" started-at="2014-09-11T17:28:46Z" data-provider="testGetSum" finished-at="2014-09-11T17:28:46Z">
          <params>
            <param index="0">
              <value>
                <![CDATA[[Ljava.lang.Float;@1adc5f7]]>
              </value>
            </param>
            <param index="1">
              <value>
                <![CDATA[8.2]]>
              </value>
            </param>
          </params>
          <reporter-output>
          </reporter-output>
        </test-method> <!-- getSum -->
        <test-method status="PASS" signature="getSum([Ljava.lang.Object;, java.lang.Object)[pri:0, instance:com.sirma.itt.javacourse.javaobjects.test.TestSumator@86684c]" name="getSum" duration-ms="0" started-at="2014-09-11T17:28:46Z" data-provider="testGetSum" finished-at="2014-09-11T17:28:46Z">
          <params>
            <param index="0">
              <value>
                <![CDATA[[Ljava.lang.String;@19fef7b]]>
              </value>
            </param>
            <param index="1">
              <value>
                <![CDATA[9301902878198]]>
              </value>
            </param>
          </params>
          <reporter-output>
          </reporter-output>
        </test-method> <!-- getSum -->
        <test-method status="PASS" signature="getSum([Ljava.lang.Object;, java.lang.Object)[pri:0, instance:com.sirma.itt.javacourse.javaobjects.test.TestSumator@86684c]" name="getSum" duration-ms="0" started-at="2014-09-11T17:28:46Z" data-provider="testGetSum" finished-at="2014-09-11T17:28:46Z">
          <params>
            <param index="0">
              <value>
                <![CDATA[[Ljava.math.BigDecimal;@db06de]]>
              </value>
            </param>
            <param index="1">
              <value>
                <![CDATA[37]]>
              </value>
            </param>
          </params>
          <reporter-output>
          </reporter-output>
        </test-method> <!-- getSum -->
      </class> <!-- com.sirma.itt.javacourse.javaobjects.test.TestSumator -->
    </test> <!-- Default test -->
  </suite> <!-- Default suite -->
</testng-results>
