<?xml version="1.0" encoding="UTF-8"?>
<!-- Generated by org.testng.reporters.JUnitXMLReporter -->
<testsuite hostname="tpetrov-PC" name="Default test" tests="5" failures="0" timestamp="11 Sep 2014 14:28:46 GMT" time="0.062" errors="0">
  <testcase name="getSum" time="0.032" classname="com.sirma.itt.javacourse.javaobjects.test.TestSumator"/>
  <testcase name="getSum" time="0.0" classname="com.sirma.itt.javacourse.javaobjects.test.TestSumator"/>
  <testcase name="getSum" time="0.0" classname="com.sirma.itt.javacourse.javaobjects.test.TestSumator"/>
  <testcase name="getSum" time="0.015" classname="com.sirma.itt.javacourse.javaobjects.test.TestSumator"/>
  <testcase name="getSum" time="0.0" classname="com.sirma.itt.javacourse.javaobjects.test.TestSumator"/>
</testsuite> <!-- Default test -->
