<?xml version="1.0" encoding="UTF-8"?>
<!-- Generated by org.testng.reporters.JUnitXMLReporter -->
<testsuite hostname="tpetrov-PC" name="Default test" tests="4" failures="0" timestamp="11 Sep 2014 13:02:16 GMT" time="0.078" errors="0">
  <testcase name="getSum" time="0.016" classname="com.sirma.itt.javacourse.javaobjects.test.TestSumator"/>
  <testcase name="getSum" time="0.0" classname="com.sirma.itt.javacourse.javaobjects.test.TestSumator"/>
  <testcase name="getSum" time="0.016" classname="com.sirma.itt.javacourse.javaobjects.test.TestSumator"/>
  <testcase name="getSum" time="0.0" classname="com.sirma.itt.javacourse.javaobjects.test.TestSumator"/>
</testsuite> <!-- Default test -->
